Using pre-set license
Built from '2022.3/staging' branch; Version is '2022.3.11f1 (d00248457e15) revision 13632072'; Using compiler version '192829333'; Build Type 'Release'
OS: 'Windows 11  (10.0.22621) 64bit Core' Language: 'nl' Physical Memory: 16251 MB
BatchMode: 1, IsHumanControllingUs: 0, StartBugReporterOnCrash: 0, Is64bit: 1, IsPro: 1

COMMAND LINE ARGUMENTS:
D:\UnityInstallation\2022.3.11f1\Editor\Unity.exe
-adb2
-batchMode
-noUpm
-name
AssetImportWorker8
-projectPath
D:/school/3dejaarSemester1/MixedRealityProject/MixedReality3dejaar
-logFile
Logs/AssetImportWorker8.log
-srvPort
50806
Successfully changed project path to: D:/school/3dejaarSemester1/MixedRealityProject/MixedReality3dejaar
D:/school/3dejaarSemester1/MixedRealityProject/MixedReality3dejaar
[UnityMemory] Configuration Parameters - Can be set up in boot.config
    "memorysetup-bucket-allocator-granularity=16"
    "memorysetup-bucket-allocator-bucket-count=8"
    "memorysetup-bucket-allocator-block-size=33554432"
    "memorysetup-bucket-allocator-block-count=8"
    "memorysetup-main-allocator-block-size=16777216"
    "memorysetup-thread-allocator-block-size=16777216"
    "memorysetup-gfx-main-allocator-block-size=16777216"
    "memorysetup-gfx-thread-allocator-block-size=16777216"
    "memorysetup-cache-allocator-block-size=4194304"
    "memorysetup-typetree-allocator-block-size=2097152"
    "memorysetup-profiler-bucket-allocator-granularity=16"
    "memorysetup-profiler-bucket-allocator-bucket-count=8"
    "memorysetup-profiler-bucket-allocator-block-size=33554432"
    "memorysetup-profiler-bucket-allocator-block-count=8"
    "memorysetup-profiler-allocator-block-size=16777216"
    "memorysetup-profiler-editor-allocator-block-size=1048576"
    "memorysetup-temp-allocator-size-main=16777216"
    "memorysetup-job-temp-allocator-block-size=2097152"
    "memorysetup-job-temp-allocator-block-size-background=1048576"
    "memorysetup-job-temp-allocator-reduction-small-platforms=262144"
    "memorysetup-allocator-temp-initial-block-size-main=262144"
    "memorysetup-allocator-temp-initial-block-size-worker=262144"
    "memorysetup-temp-allocator-size-background-worker=32768"
    "memorysetup-temp-allocator-size-job-worker=262144"
    "memorysetup-temp-allocator-size-preload-manager=33554432"
    "memorysetup-temp-allocator-size-nav-mesh-worker=65536"
    "memorysetup-temp-allocator-size-audio-worker=65536"
    "memorysetup-temp-allocator-size-cloud-worker=32768"
    "memorysetup-temp-allocator-size-gi-baking-worker=262144"
    "memorysetup-temp-allocator-size-gfx=262144"
Player connection [24388] Host "[IP] 172.16.195.215 [Port] 0 [Flags] 2 [Guid] 2036681056 [EditorId] 2036681056 [Version] 1048832 [Id] WindowsEditor(7,LAPTOP-A2EF854G) [Debug] 1 [PackageName] WindowsEditor [ProjectName] Editor" joined multi-casting on [225.0.0.222:54997]...

Player connection [24388] Host "[IP] 172.16.195.215 [Port] 0 [Flags] 2 [Guid] 2036681056 [EditorId] 2036681056 [Version] 1048832 [Id] WindowsEditor(7,LAPTOP-A2EF854G) [Debug] 1 [PackageName] WindowsEditor [ProjectName] Editor" joined alternative multi-casting on [225.0.0.222:34997]...

[Physics::Module] Initialized MultithreadedJobDispatcher with 11 workers.
Refreshing native plugins compatible for Editor in 2114.07 ms, found 12 plugins.
Preloading 1 native plugins for Editor in 0.98 ms.
Initialize engine version: 2022.3.11f1 (d00248457e15)
[Subsystems] Discovering subsystems at path D:/UnityInstallation/2022.3.11f1/Editor/Data/Resources/UnitySubsystems
[Subsystems] Discovering subsystems at path D:/school/3dejaarSemester1/MixedRealityProject/MixedReality3dejaar/Assets
GfxDevice: creating device client; threaded=0; jobified=0
Direct3D:
    Version:  Direct3D 11.0 [level 11.1]
    Renderer: NVIDIA GeForce GTX 1650 Ti (ID=0x1f95)
    Vendor:   NVIDIA
    VRAM:     3962 MB
    Driver:   31.0.15.1640
Initialize mono
Mono path[0] = 'D:/UnityInstallation/2022.3.11f1/Editor/Data/Managed'
Mono path[1] = 'D:/UnityInstallation/2022.3.11f1/Editor/Data/MonoBleedingEdge/lib/mono/unityjit-win32'
Mono config path = 'D:/UnityInstallation/2022.3.11f1/Editor/Data/MonoBleedingEdge/etc'
Using monoOptions --debugger-agent=transport=dt_socket,embedding=1,server=y,suspend=n,address=127.0.0.1:56912
Begin MonoManager ReloadAssembly
Registering precompiled unity dll's ...
Register platform support module: D:/UnityInstallation/2022.3.11f1/Editor/Data/PlaybackEngines/AndroidPlayer/UnityEditor.Android.Extensions.dll
Register platform support module: D:/UnityInstallation/2022.3.11f1/Editor/Data/PlaybackEngines/WindowsStandaloneSupport/UnityEditor.WindowsStandalone.Extensions.dll
Registered in 0.005940 seconds.
- Loaded All Assemblies, in  1.856 seconds
Native extension for WindowsStandalone target not found
Native extension for Android target not found
Android Extension - Scanning For ADB Devices 705 ms
Mono: successfully reloaded assembly
- Finished resetting the current domain, in  1.848 seconds
Domain Reload Profiling: 3704ms
	BeginReloadAssembly (256ms)
		ExecutionOrderSort (0ms)
		DisableScriptedObjects (0ms)
		BackupInstance (0ms)
		ReleaseScriptingObjects (0ms)
		CreateAndSetChildDomain (1ms)
	RebuildCommonClasses (565ms)
	RebuildNativeTypeToScriptingClass (19ms)
	initialDomainReloadingComplete (75ms)
	LoadAllAssembliesAndSetupDomain (941ms)
		LoadAssemblies (257ms)
		RebuildTransferFunctionScriptingTraits (0ms)
		AnalyzeDomain (937ms)
			TypeCache.Refresh (935ms)
				TypeCache.ScanAssembly (913ms)
			ScanForSourceGeneratedMonoScriptInfo (1ms)
			ResolveRequiredComponents (1ms)
	FinalizeReload (1848ms)
		ReleaseScriptCaches (0ms)
		RebuildScriptCaches (0ms)
		SetupLoadedEditorAssemblies (1760ms)
			LogAssemblyErrors (0ms)
			InitializePlatformSupportModulesInManaged (1491ms)
			SetLoadedEditorAssemblies (8ms)
			RefreshPlugins (0ms)
			BeforeProcessingInitializeOnLoad (3ms)
			ProcessInitializeOnLoadAttributes (138ms)
			ProcessInitializeOnLoadMethodAttributes (120ms)
			AfterProcessingInitializeOnLoad (0ms)
			EditorAssembliesLoaded (0ms)
		ExecutionOrderSort2 (0ms)
		AwakeInstancesAfterBackupRestoration (0ms)
========================================================================
Worker process is ready to serve import requests
Begin MonoManager ReloadAssembly
- Loaded All Assemblies, in 12.822 seconds
Refreshing native plugins compatible for Editor in 2542.82 ms, found 12 plugins.
Native extension for WindowsStandalone target not found
Native extension for Android target not found
Package Manager log level set to [2]
[Package Manager] Server::EnsureServerProcessIsRunning -- launch failed, reason: Unity was launched with the -noUpm command-line argument
[Package Manager] UpmClient::Send -- Unable to send message (not connected to UPM process).
[Package Manager] Cannot connect to Unity Package Manager local server
[Package Manager] Server::EnsureServerProcessIsRunning -- launch failed, reason: Unity was launched with the -noUpm command-line argument
[Package Manager] UpmClient::Send -- Unable to send message (not connected to UPM process).
[Package Manager] Cannot connect to Unity Package Manager local server
System.Reflection.TargetInvocationException: Exception has been thrown by the target of an invocation. ---> System.NullReferenceException: Object reference not set to an instance of an object
  at Unity.XR.Oculus.OculusLoader.AssetPathToAbsolutePath (System.String assetPath) [0x0003d] in .\Library\PackageCache\com.unity.xr.oculus@4.1.1\Runtime\OculusLoader.cs:287 
  at Unity.XR.Oculus.OculusLoader.EditorLoadOVRPlugin () [0x00084] in .\Library\PackageCache\com.unity.xr.oculus@4.1.1\Runtime\OculusLoader.cs:272 
  at (wrapper managed-to-native) System.Reflection.RuntimeMethodInfo.InternalInvoke(System.Reflection.RuntimeMethodInfo,object,object[],System.Exception&)
  at System.Reflection.RuntimeMethodInfo.Invoke (System.Object obj, System.Reflection.BindingFlags invokeAttr, System.Reflection.Binder binder, System.Object[] parameters, System.Globalization.CultureInfo culture) [0x0006a] in <834b2ded5dad441e8c7a4287897d63c7>:0 
   --- End of inner exception stack trace ---
  at System.Reflection.RuntimeMethodInfo.Invoke (System.Object obj, System.Reflection.BindingFlags invokeAttr, System.Reflection.Binder binder, System.Object[] parameters, System.Globalization.CultureInfo culture) [0x00083] in <834b2ded5dad441e8c7a4287897d63c7>:0 
  at System.Reflection.MethodBase.Invoke (System.Object obj, System.Object[] parameters) [0x00000] in <834b2ded5dad441e8c7a4287897d63c7>:0 
  at UnityEditor.EditorAssemblies.ProcessInitializeOnLoadMethodAttributes () [0x000a5] in <9920ff0c944845d7b9f9a61ef1478edc>:0 
UnityEngine.StackTraceUtility:ExtractStackTrace ()
UnityEngine.DebugLogHandler:LogFormat (UnityEngine.LogType,UnityEngine.Object,string,object[])
UnityEngine.Logger:Log (UnityEngine.LogType,object)
UnityEngine.Debug:LogError (object)
UnityEditor.EditorAssemblies:ProcessInitializeOnLoadMethodAttributes ()

Mono: successfully reloaded assembly
[Package Manager] Server::EnsureServerProcessIsRunning -- launch failed, reason: Unity was launched with the -noUpm command-line argument
[Package Manager] UpmClient::Send -- Unable to send message (not connected to UPM process).
[Package Manager] Cannot connect to Unity Package Manager local server
[Package Manager] Server::EnsureServerProcessIsRunning -- launch failed, reason: Unity was launched with the -noUpm command-line argument
[Package Manager] UpmClient::Send -- Unable to send message (not connected to UPM process).
[Package Manager] Cannot connect to Unity Package Manager local server
- Finished resetting the current domain, in  2.942 seconds
Domain Reload Profiling: 15762ms
	BeginReloadAssembly (223ms)
		ExecutionOrderSort (0ms)
		DisableScriptedObjects (6ms)
		BackupInstance (0ms)
		ReleaseScriptingObjects (0ms)
		CreateAndSetChildDomain (34ms)
	RebuildCommonClasses (50ms)
	RebuildNativeTypeToScriptingClass (16ms)
	initialDomainReloadingComplete (62ms)
	LoadAllAssembliesAndSetupDomain (12467ms)
		LoadAssemblies (11610ms)
		RebuildTransferFunctionScriptingTraits (0ms)
		AnalyzeDomain (1002ms)
			TypeCache.Refresh (928ms)
				TypeCache.ScanAssembly (890ms)
			ScanForSourceGeneratedMonoScriptInfo (52ms)
			ResolveRequiredComponents (18ms)
	FinalizeReload (2943ms)
		ReleaseScriptCaches (0ms)
		RebuildScriptCaches (0ms)
		SetupLoadedEditorAssemblies (2429ms)
			LogAssemblyErrors (0ms)
			InitializePlatformSupportModulesInManaged (304ms)
			SetLoadedEditorAssemblies (8ms)
			RefreshPlugins (0ms)
			BeforeProcessingInitializeOnLoad (143ms)
			ProcessInitializeOnLoadAttributes (1677ms)
			ProcessInitializeOnLoadMethodAttributes (293ms)
			AfterProcessingInitializeOnLoad (3ms)
			EditorAssembliesLoaded (0ms)
		ExecutionOrderSort2 (0ms)
		AwakeInstancesAfterBackupRestoration (8ms)
Launched and connected shader compiler UnityShaderCompiler.exe after 0.35 seconds
Refreshing native plugins compatible for Editor in 4054.57 ms, found 12 plugins.
Preloading 1 native plugins for Editor in 0.06 ms.
Unloading 6492 Unused Serialized files (Serialized files now loaded: 0)
Unloading 120 unused Assets / (1.6 MB). Loaded Objects now: 6963.
Memory consumption went from 255.0 MB to 253.4 MB.
Total: 9.982900 ms (FindLiveObjects: 0.909700 ms CreateObjectMapping: 1.162000 ms MarkObjects: 7.248300 ms  DeleteObjects: 0.661600 ms)

AssetImportParameters requested are different than current active one (requested -> active):
  custom:container-demuxer-ogg: 62fdf1f143b41e24485cea50d1cbac27 -> 
  custom:framework-win-MediaFoundation: 216162199b28c13a410421893ffa2e32 -> 
  custom:container-muxer-webm: aa71ff27fc2769a1b78a27578f13a17b -> 
  custom:video-decoder-webm-vp8: 9c59270c3fd7afecdb556c50c9e8de78 -> 
  custom:SearchIndexIgnoredProperties: e643bd26f0fe6173181afceb89e7c659 -> 
  custom:AudioImporter_EditorPlatform: d09bf68614088b80899f8185d706f6e7 -> 
  custom:audio-decoder-ogg-vorbis: bf7c407c2cedff20999df2af8eb42d56 -> 
  custom:audio-encoder-webm-vorbis: bf7c407c2cedff20999df2af8eb42d56 -> 
  custom:video-codec-MediaFoundation-h265: 746d11721c4dcdbdad8f713fa42b33f4 -> 
  custom:video-decoder-ogg-theora: a1e56fd34408186e4bbccfd4996cb3dc -> 
  custom:CustomObjectIndexerAttribute: d54d2f2da18e7612c182cf67624b6b12 -> 
  custom:container-demuxer-webm: 4f35f7cbe854078d1ac9338744f61a02 -> 
  custom:video-encoder-webm-vp8: eb34c28f22e8b96e1ab97ce403110664 -> 
========================================================================
Received Import Request.
  Time since last request: 7022.650528 seconds.
  path: Assets/VRTemplateAssets/Tutorial/VRTutorialProjectSettings.asset
  artifactKey: Guid(76b4acc4d12394f60a5accbec43ae2a7) Importer(2089858483,0ecaa5967403d082aa24f35e1b516d23)
Start importing Assets/VRTemplateAssets/Tutorial/VRTutorialProjectSettings.asset using Guid(76b4acc4d12394f60a5accbec43ae2a7) Importer(2089858483,0ecaa5967403d082aa24f35e1b516d23) Generated GUIDs only implemented for interfaces!
 -> (artifact id: 'ad9ccf5723a43ada86b455eae0ab6fc5') in 0.561166 seconds
Number of updated asset objects reloaded before import = 0
Number of asset objects unloaded after import = 4
========================================================================
Received Import Request.
  Time since last request: 0.000022 seconds.
  path: Assets/Georgian, by Tokyo Liu/Materials and textures/white/04 - Default_Metallic.tga
  artifactKey: Guid(629e73c5e4e6cda4dbc36994df7a90ee) Importer(2089858483,0ecaa5967403d082aa24f35e1b516d23)
Start importing Assets/Georgian, by Tokyo Liu/Materials and textures/white/04 - Default_Metallic.tga using Guid(629e73c5e4e6cda4dbc36994df7a90ee) Importer(2089858483,0ecaa5967403d082aa24f35e1b516d23) Generated GUIDs only implemented for interfaces!
 -> (artifact id: 'cf81cc00b0a7d42a992c882ebde6c273') in 0.874340 seconds
Number of updated asset objects reloaded before import = 0
Number of asset objects unloaded after import = 1
========================================================================
Received Import Request.
  Time since last request: 0.000042 seconds.
  path: Assets/JJ_InteriorDoorPack_V1/Materials/Frames/mat_intDoor_metalFrame_white.mat
  artifactKey: Guid(15ee18a418e72d1418815052445c3c11) Importer(2089858483,0ecaa5967403d082aa24f35e1b516d23)
Start importing Assets/JJ_InteriorDoorPack_V1/Materials/Frames/mat_intDoor_metalFrame_white.mat using Guid(15ee18a418e72d1418815052445c3c11) Importer(2089858483,0ecaa5967403d082aa24f35e1b516d23) Generated GUIDs only implemented for interfaces!
 -> (artifact id: '03b4903798b91110abf4539f0128d751') in 0.723879 seconds
Number of updated asset objects reloaded before import = 0
Number of asset objects unloaded after import = 4
========================================================================
Received Import Request.
  Time since last request: 0.000028 seconds.
  path: Assets/JJ_InteriorDoorPack_V1/Textures/Frames/intDoor_metalFrame_mat_intDoor_metalFrame_white_MetallicSmoothness.png
  artifactKey: Guid(ca678de913972ef458930a6aa75a4c45) Importer(2089858483,0ecaa5967403d082aa24f35e1b516d23)
Start importing Assets/JJ_InteriorDoorPack_V1/Textures/Frames/intDoor_metalFrame_mat_intDoor_metalFrame_white_MetallicSmoothness.png using Guid(ca678de913972ef458930a6aa75a4c45) Importer(2089858483,0ecaa5967403d082aa24f35e1b516d23) Generated GUIDs only implemented for interfaces!
 -> (artifact id: '4ebecb6b2cb9489427a1ba63218021d6') in 0.017110 seconds
Number of updated asset objects reloaded before import = 0
Number of asset objects unloaded after import = 1
========================================================================
Received Import Request.
  Time since last request: 0.000023 seconds.
  path: Assets/JJ_InteriorDoorPack_V1/Textures/Knobs/intDoor_knob01_mat_doorKnob_AlbedoTransparency.png
  artifactKey: Guid(4faad637e00ab96409330022f7e78c7f) Importer(2089858483,0ecaa5967403d082aa24f35e1b516d23)
Start importing Assets/JJ_InteriorDoorPack_V1/Textures/Knobs/intDoor_knob01_mat_doorKnob_AlbedoTransparency.png using Guid(4faad637e00ab96409330022f7e78c7f) Importer(2089858483,0ecaa5967403d082aa24f35e1b516d23) Generated GUIDs only implemented for interfaces!
 -> (artifact id: 'a81c9884c58d6b9126757ad8c55e8ce4') in 0.341278 seconds
Number of updated asset objects reloaded before import = 0
Number of asset objects unloaded after import = 1
========================================================================
Received Import Request.
  Time since last request: 0.000033 seconds.
  path: Assets/philippeassets/Apartment_Door/Prefabs/FPS_Controller.prefab
  artifactKey: Guid(7817ba0fa318d114d9609cf9a8813ed4) Importer(2089858483,3d70f49cd1c2eb9ae422958d1c652c6b)
Start importing Assets/philippeassets/Apartment_Door/Prefabs/FPS_Controller.prefab using Guid(7817ba0fa318d114d9609cf9a8813ed4) Importer(2089858483,3d70f49cd1c2eb9ae422958d1c652c6b) Generated GUIDs only implemented for interfaces!
 -> (artifact id: 'd375c2ec0955b94948473e85791609b8') in 0.141731 seconds
Number of updated asset objects reloaded before import = 0
Number of asset objects unloaded after import = 11
========================================================================
Received Import Request.
  Time since last request: 0.000016 seconds.
  path: Assets/Lets Make a VR Game/TerminatorHand/Material/Fingers_MAT_albedo.jpeg
  artifactKey: Guid(d58350c5303210f41b7f6fdb1de77239) Importer(2089858483,0ecaa5967403d082aa24f35e1b516d23)
Start importing Assets/Lets Make a VR Game/TerminatorHand/Material/Fingers_MAT_albedo.jpeg using Guid(d58350c5303210f41b7f6fdb1de77239) Importer(2089858483,0ecaa5967403d082aa24f35e1b516d23) Generated GUIDs only implemented for interfaces!
 -> (artifact id: '0d339163c7fbdd3279932f7b20ff43c4') in 0.557836 seconds
Number of updated asset objects reloaded before import = 0
Number of asset objects unloaded after import = 1
========================================================================
Received Import Request.
  Time since last request: 0.000140 seconds.
  path: Assets/Lets Make a VR Game/TerminatorHand/Prefabs/Left Terminator.prefab
  artifactKey: Guid(b7ee10ba487867d47a2942e352102583) Importer(2089858483,0ecaa5967403d082aa24f35e1b516d23)
Start importing Assets/Lets Make a VR Game/TerminatorHand/Prefabs/Left Terminator.prefab using Guid(b7ee10ba487867d47a2942e352102583) Importer(2089858483,0ecaa5967403d082aa24f35e1b516d23) Generated GUIDs only implemented for interfaces!
 -> (artifact id: '3ea7db1e9afdd967710fc4312e24f608') in 0.767207 seconds
Number of updated asset objects reloaded before import = 0
Number of asset objects unloaded after import = 155
========================================================================
Received Import Request.
  Time since last request: 0.000016 seconds.
  path: Assets/materials/Architecture textures pack/Bricks red smooth/Bricks red smooth normal.tga
  artifactKey: Guid(ba0cee1d94eff3a4cb0f6c1bc5734b84) Importer(2089858483,0ecaa5967403d082aa24f35e1b516d23)
Start importing Assets/materials/Architecture textures pack/Bricks red smooth/Bricks red smooth normal.tga using Guid(ba0cee1d94eff3a4cb0f6c1bc5734b84) Importer(2089858483,0ecaa5967403d082aa24f35e1b516d23) Generated GUIDs only implemented for interfaces!
 -> (artifact id: '47ff4d36d2e03efce3fa8aa236026a26') in 0.176392 seconds
Number of updated asset objects reloaded before import = 0
Number of asset objects unloaded after import = 1
========================================================================
Received Import Request.
  Time since last request: 0.000100 seconds.
  path: Assets/materials/Architecture textures pack/Ceiling/Ceiling diffuse.tga
  artifactKey: Guid(d58d2035b7bc2854d826196f1524db7b) Importer(2089858483,0ecaa5967403d082aa24f35e1b516d23)
Start importing Assets/materials/Architecture textures pack/Ceiling/Ceiling diffuse.tga using Guid(d58d2035b7bc2854d826196f1524db7b) Importer(2089858483,0ecaa5967403d082aa24f35e1b516d23) Generated GUIDs only implemented for interfaces!
 -> (artifact id: '78f5fd1e853d222e3700961f494364cb') in 0.330414 seconds
Number of updated asset objects reloaded before import = 0
Number of asset objects unloaded after import = 1
========================================================================
Received Import Request.
  Time since last request: 0.000015 seconds.
  path: Assets/materials/Architecture textures pack/Gabion wall/Gabion wall normal.tga
  artifactKey: Guid(1a1f6f4fe3452a047be4b86350ec78e6) Importer(2089858483,0ecaa5967403d082aa24f35e1b516d23)
Start importing Assets/materials/Architecture textures pack/Gabion wall/Gabion wall normal.tga using Guid(1a1f6f4fe3452a047be4b86350ec78e6) Importer(2089858483,0ecaa5967403d082aa24f35e1b516d23) Generated GUIDs only implemented for interfaces!
 -> (artifact id: 'a8bf95c26e38febf663b59cac6b671c4') in 0.216764 seconds
Number of updated asset objects reloaded before import = 0
Number of asset objects unloaded after import = 1
========================================================================
Received Import Request.
  Time since last request: 0.000022 seconds.
  path: Assets/3D Low-Poly Chest/Mesh/Gold Chest.fbx
  artifactKey: Guid(afb0c1499fe9b3543b2ff9a4432caac4) Importer(2089858483,0ecaa5967403d082aa24f35e1b516d23)
Start importing Assets/3D Low-Poly Chest/Mesh/Gold Chest.fbx using Guid(afb0c1499fe9b3543b2ff9a4432caac4) Importer(2089858483,0ecaa5967403d082aa24f35e1b516d23) Generated GUIDs only implemented for interfaces!
 -> (artifact id: '637ae70011801455c074f2f7cfddd19f') in 0.296040 seconds
Number of updated asset objects reloaded before import = 0
Number of asset objects unloaded after import = 14
========================================================================
Received Import Request.
  Time since last request: 0.000018 seconds.
  path: Assets/materials/Architecture textures pack/Plasterboard/Plasterboard Mat.mat
  artifactKey: Guid(6f92da99e26643543abc75cc4b5f0ba7) Importer(2089858483,0ecaa5967403d082aa24f35e1b516d23)
Start importing Assets/materials/Architecture textures pack/Plasterboard/Plasterboard Mat.mat using Guid(6f92da99e26643543abc75cc4b5f0ba7) Importer(2089858483,0ecaa5967403d082aa24f35e1b516d23) Generated GUIDs only implemented for interfaces!
 -> (artifact id: '07ef49ee84caec9ad04e3fac2f94dba3') in 1.056050 seconds
Number of updated asset objects reloaded before import = 0
Number of asset objects unloaded after import = 3
========================================================================
Received Import Request.
  Time since last request: 0.000021 seconds.
  path: Assets/materials/Architecture textures pack/Tiling concave/Tiling concave diffuse.tga
  artifactKey: Guid(234f980a66fa7c0418336ee0a3ac698a) Importer(2089858483,0ecaa5967403d082aa24f35e1b516d23)
Start importing Assets/materials/Architecture textures pack/Tiling concave/Tiling concave diffuse.tga using Guid(234f980a66fa7c0418336ee0a3ac698a) Importer(2089858483,0ecaa5967403d082aa24f35e1b516d23) Generated GUIDs only implemented for interfaces!
 -> (artifact id: 'cec1e71937738b37ce4a14763cc970d5') in 0.218420 seconds
Number of updated asset objects reloaded before import = 0
Number of asset objects unloaded after import = 1
========================================================================
Received Import Request.
  Time since last request: 0.000020 seconds.
  path: Assets/Georgian, by Tokyo Liu/Materials and textures/chairlegs/02 - Default_Base_Color.png
  artifactKey: Guid(53f55a3c7279cf448abbe32eaa90f7fa) Importer(2089858483,0ecaa5967403d082aa24f35e1b516d23)
Start importing Assets/Georgian, by Tokyo Liu/Materials and textures/chairlegs/02 - Default_Base_Color.png using Guid(53f55a3c7279cf448abbe32eaa90f7fa) Importer(2089858483,0ecaa5967403d082aa24f35e1b516d23) Generated GUIDs only implemented for interfaces!
 -> (artifact id: '9040244c2a5825c225824892fcc96358') in 0.189807 seconds
Number of updated asset objects reloaded before import = 0
Number of asset objects unloaded after import = 1
========================================================================
Received Import Request.
  Time since last request: 0.000026 seconds.
  path: Assets/materials/Architecture textures pack/Tiling marble/Tiling marble Mat.mat
  artifactKey: Guid(d163af051eb637c4b9d17bc2b788a214) Importer(2089858483,0ecaa5967403d082aa24f35e1b516d23)
Start importing Assets/materials/Architecture textures pack/Tiling marble/Tiling marble Mat.mat using Guid(d163af051eb637c4b9d17bc2b788a214) Importer(2089858483,0ecaa5967403d082aa24f35e1b516d23) Generated GUIDs only implemented for interfaces!
 -> (artifact id: '7b6c27b0592e3f66c63a425110e4cfa0') in 0.638502 seconds
Number of updated asset objects reloaded before import = 0
Number of asset objects unloaded after import = 3
========================================================================
Received Import Request.
  Time since last request: 0.000019 seconds.
  path: Assets/materials/Architecture textures pack/Wallpaper clean/Wallpaper clean Mat.mat
  artifactKey: Guid(73ff9eb71edc3ab4e97d46feea8ab11c) Importer(2089858483,0ecaa5967403d082aa24f35e1b516d23)
Start importing Assets/materials/Architecture textures pack/Wallpaper clean/Wallpaper clean Mat.mat using Guid(73ff9eb71edc3ab4e97d46feea8ab11c) Importer(2089858483,0ecaa5967403d082aa24f35e1b516d23) Generated GUIDs only implemented for interfaces!
 -> (artifact id: '165f9b1a5cba95bb235b73580f489259') in 0.247506 seconds
Number of updated asset objects reloaded before import = 0
Number of asset objects unloaded after import = 3
========================================================================
Received Import Request.
  Time since last request: 0.000028 seconds.
  path: Assets/materials/Wooden floor/Wooden floor 04/Wooden floor 04.mat
  artifactKey: Guid(585b99b5dc612124e94345db68b4544a) Importer(2089858483,0ecaa5967403d082aa24f35e1b516d23)
Start importing Assets/materials/Wooden floor/Wooden floor 04/Wooden floor 04.mat using Guid(585b99b5dc612124e94345db68b4544a) Importer(2089858483,0ecaa5967403d082aa24f35e1b516d23) Generated GUIDs only implemented for interfaces!
 -> (artifact id: 'fbeb312012ff73e3a7a41da4f0926978') in 0.400226 seconds
Number of updated asset objects reloaded before import = 0
Number of asset objects unloaded after import = 3
========================================================================
Received Import Request.
  Time since last request: 0.000020 seconds.
  path: Assets/materials/Wooden floor/Wooden floor 07/Wooden floor diffuse.tga
  artifactKey: Guid(d92bcd9184715b0458297b2e72b7fee7) Importer(2089858483,0ecaa5967403d082aa24f35e1b516d23)
Start importing Assets/materials/Wooden floor/Wooden floor 07/Wooden floor diffuse.tga using Guid(d92bcd9184715b0458297b2e72b7fee7) Importer(2089858483,0ecaa5967403d082aa24f35e1b516d23) Generated GUIDs only implemented for interfaces!
 -> (artifact id: '42d8a783580148f7021932bfd4934440') in 0.736887 seconds
Number of updated asset objects reloaded before import = 0
Number of asset objects unloaded after import = 1
========================================================================
Received Import Request.
  Time since last request: 0.000029 seconds.
  path: Assets/materials/Wooden floor/Wooden floor 10/Wooden floor 10.mat
  artifactKey: Guid(1db0e90b9a3b07943b75591b4e452a96) Importer(2089858483,0ecaa5967403d082aa24f35e1b516d23)
Start importing Assets/materials/Wooden floor/Wooden floor 10/Wooden floor 10.mat using Guid(1db0e90b9a3b07943b75591b4e452a96) Importer(2089858483,0ecaa5967403d082aa24f35e1b516d23) Generated GUIDs only implemented for interfaces!
 -> (artifact id: '879caca7dd26d012fac004f18dbdc2e2') in 0.451296 seconds
Number of updated asset objects reloaded before import = 0
Number of asset objects unloaded after import = 3
========================================================================
Received Import Request.
  Time since last request: 0.000014 seconds.
  path: Assets/philippeassets/Apartment_Door/Scripts/DoorController.cs
  artifactKey: Guid(150cf7940ab0e6c4bbaf184a87998a4e) Importer(2089858483,0ecaa5967403d082aa24f35e1b516d23)
Start importing Assets/philippeassets/Apartment_Door/Scripts/DoorController.cs using Guid(150cf7940ab0e6c4bbaf184a87998a4e) Importer(2089858483,0ecaa5967403d082aa24f35e1b516d23) Generated GUIDs only implemented for interfaces!
 -> (artifact id: 'aa803700a7fd95eaf05c04272320c162') in 0.214481 seconds
Number of updated asset objects reloaded before import = 0
Number of asset objects unloaded after import = 1
========================================================================
Received Import Request.
  Time since last request: 0.000022 seconds.
  path: Assets/philippeassets/MASH Virtual/Demo/Sci Fi Doors Demo.unity
  artifactKey: Guid(0770e1566e7c3f147b4b9babcb74c96f) Importer(2089858483,0ecaa5967403d082aa24f35e1b516d23)
Start importing Assets/philippeassets/MASH Virtual/Demo/Sci Fi Doors Demo.unity using Guid(0770e1566e7c3f147b4b9babcb74c96f) Importer(2089858483,0ecaa5967403d082aa24f35e1b516d23) Generated GUIDs only implemented for interfaces!
 -> (artifact id: 'e33e5326bd0b1f8cd458a6f9d9cbb0fc') in 0.003923 seconds
Number of updated asset objects reloaded before import = 0
Number of asset objects unloaded after import = 1
========================================================================
Received Import Request.
  Time since last request: 0.000022 seconds.
  path: Assets/philippeassets/MASH Virtual/Demo/Sci Fi Doors DemoSettings.lighting
  artifactKey: Guid(d5831f10d216a5b499263d2928a9d6fa) Importer(2089858483,0ecaa5967403d082aa24f35e1b516d23)
Start importing Assets/philippeassets/MASH Virtual/Demo/Sci Fi Doors DemoSettings.lighting using Guid(d5831f10d216a5b499263d2928a9d6fa) Importer(2089858483,0ecaa5967403d082aa24f35e1b516d23) Generated GUIDs only implemented for interfaces!
 -> (artifact id: 'eff8807c634de3e3f261d46b1463722f') in 1.378070 seconds
Number of updated asset objects reloaded before import = 0
Number of asset objects unloaded after import = 1
========================================================================
Received Import Request.
  Time since last request: 0.000022 seconds.
  path: Assets/Phoenix3D/Textures/Outdoor_Wall_T01/Outdoor_Wall_T01_Base_Color.png
  artifactKey: Guid(3750a2c998f3a8e4e9c978e6b1e2da93) Importer(2089858483,0ecaa5967403d082aa24f35e1b516d23)
Start importing Assets/Phoenix3D/Textures/Outdoor_Wall_T01/Outdoor_Wall_T01_Base_Color.png using Guid(3750a2c998f3a8e4e9c978e6b1e2da93) Importer(2089858483,0ecaa5967403d082aa24f35e1b516d23) Generated GUIDs only implemented for interfaces!
 -> (artifact id: '37a5bac906b81731c0c63acf95d19f4a') in 0.455917 seconds
Number of updated asset objects reloaded before import = 0
Number of asset objects unloaded after import = 1
========================================================================
Received Import Request.
  Time since last request: 0.000089 seconds.
  path: Assets/Phoenix3D/Textures/Outdoor_Wall_T01/Outdoor_Wall_T01_Normal_DirectX.png
  artifactKey: Guid(bd13c0517fe60344797510fc724775db) Importer(2089858483,0ecaa5967403d082aa24f35e1b516d23)
Start importing Assets/Phoenix3D/Textures/Outdoor_Wall_T01/Outdoor_Wall_T01_Normal_DirectX.png using Guid(bd13c0517fe60344797510fc724775db) Importer(2089858483,0ecaa5967403d082aa24f35e1b516d23) Generated GUIDs only implemented for interfaces!
 -> (artifact id: 'd85f0a1791b5e3009a0d5b938487061e') in 0.503601 seconds
Number of updated asset objects reloaded before import = 0
Number of asset objects unloaded after import = 1
========================================================================
Received Import Request.
  Time since last request: 0.000020 seconds.
  path: Assets/Phoenix3D/Textures/Outdoor_Wall_T04/Outdoor_Wall_T04_Height.png
  artifactKey: Guid(197157c7bf4f923448f96b48430e54f7) Importer(2089858483,0ecaa5967403d082aa24f35e1b516d23)
Start importing Assets/Phoenix3D/Textures/Outdoor_Wall_T04/Outdoor_Wall_T04_Height.png using Guid(197157c7bf4f923448f96b48430e54f7) Importer(2089858483,0ecaa5967403d082aa24f35e1b516d23) Generated GUIDs only implemented for interfaces!
 -> (artifact id: 'b508b3f4bef27d0dd595bda058e27736') in 0.520926 seconds
Number of updated asset objects reloaded before import = 0
Number of asset objects unloaded after import = 1
========================================================================
Received Import Request.
  Time since last request: 0.000096 seconds.
  path: Assets/Phoenix3D/Textures/Outdoor_Wall_T05/Outdoor_Wall_T05_Roughness.png
  artifactKey: Guid(a2ed7d70bd1808948a68cde96886454c) Importer(2089858483,0ecaa5967403d082aa24f35e1b516d23)
Start importing Assets/Phoenix3D/Textures/Outdoor_Wall_T05/Outdoor_Wall_T05_Roughness.png using Guid(a2ed7d70bd1808948a68cde96886454c) Importer(2089858483,0ecaa5967403d082aa24f35e1b516d23) Generated GUIDs only implemented for interfaces!
 -> (artifact id: 'fcf75be0c7fca9eace0a676c8cc75e57') in 1.496508 seconds
Number of updated asset objects reloaded before import = 0
Number of asset objects unloaded after import = 1
========================================================================
Received Import Request.
  Time since last request: 0.000021 seconds.
  path: Assets/Phoenix3D/Textures/Outdoor_Wall_T08/Outdoor_Wall_T08_Base_Color.png
  artifactKey: Guid(14046fe196c35754a801dcd9efccbcca) Importer(2089858483,0ecaa5967403d082aa24f35e1b516d23)
Start importing Assets/Phoenix3D/Textures/Outdoor_Wall_T08/Outdoor_Wall_T08_Base_Color.png using Guid(14046fe196c35754a801dcd9efccbcca) Importer(2089858483,0ecaa5967403d082aa24f35e1b516d23) Generated GUIDs only implemented for interfaces!
 -> (artifact id: '6e5a3ac18d35f99751ea38b8c41eeb37') in 0.174671 seconds
Number of updated asset objects reloaded before import = 0
Number of asset objects unloaded after import = 1
========================================================================
Received Import Request.
  Time since last request: 0.000044 seconds.
  path: Assets/Phoenix3D/Textures/Outdoor_Wall_T10/Outdoor_Wall_T10_MaskMap.png
  artifactKey: Guid(d1badbfe48233334bafd6fd33e41b385) Importer(2089858483,0ecaa5967403d082aa24f35e1b516d23)
Start importing Assets/Phoenix3D/Textures/Outdoor_Wall_T10/Outdoor_Wall_T10_MaskMap.png using Guid(d1badbfe48233334bafd6fd33e41b385) Importer(2089858483,0ecaa5967403d082aa24f35e1b516d23) Generated GUIDs only implemented for interfaces!
 -> (artifact id: '2a5984ca909714fb4f4ab75555914e73') in 0.343972 seconds
Number of updated asset objects reloaded before import = 0
Number of asset objects unloaded after import = 1
========================================================================
Received Import Request.
  Time since last request: 0.000039 seconds.
  path: Assets/XR/XRGeneralSettings.asset
  artifactKey: Guid(1a4c68ca72a83449f938d669337cb305) Importer(2089858483,3d70f49cd1c2eb9ae422958d1c652c6b)
Start importing Assets/XR/XRGeneralSettings.asset using Guid(1a4c68ca72a83449f938d669337cb305) Importer(2089858483,3d70f49cd1c2eb9ae422958d1c652c6b) Generated GUIDs only implemented for interfaces!
 -> (artifact id: 'c501c1df9b2b130263539cd58d8d0b8d') in 0.116395 seconds
Number of updated asset objects reloaded before import = 0
Number of asset objects unloaded after import = 9
========================================================================
Received Import Request.
  Time since last request: 0.000021 seconds.
  path: Assets/Phoenix3D/Textures/Outdoor_Wall_T11/Outdoor_Wall_T11_Roughness.png
  artifactKey: Guid(e2c6e9fe6f024d04886ef635dc221357) Importer(2089858483,0ecaa5967403d082aa24f35e1b516d23)
Start importing Assets/Phoenix3D/Textures/Outdoor_Wall_T11/Outdoor_Wall_T11_Roughness.png using Guid(e2c6e9fe6f024d04886ef635dc221357) Importer(2089858483,0ecaa5967403d082aa24f35e1b516d23) Generated GUIDs only implemented for interfaces!
 -> (artifact id: 'fd6b9a5ddead168f5eba7999bb499650') in 0.273736 seconds
Number of updated asset objects reloaded before import = 0
Number of asset objects unloaded after import = 1
========================================================================
Received Import Request.
  Time since last request: 0.000022 seconds.
  path: Assets/Phoenix3D/Textures/Outdoor_Wall_T12/Outdoor_Wall_T12_MaskMap.png
  artifactKey: Guid(fda2c4dc03ef6b84d827adfc1440aa7b) Importer(2089858483,0ecaa5967403d082aa24f35e1b516d23)
Start importing Assets/Phoenix3D/Textures/Outdoor_Wall_T12/Outdoor_Wall_T12_MaskMap.png using Guid(fda2c4dc03ef6b84d827adfc1440aa7b) Importer(2089858483,0ecaa5967403d082aa24f35e1b516d23) Generated GUIDs only implemented for interfaces!
 -> (artifact id: 'dc778b3a54fda9623564b80c508e340e') in 0.758426 seconds
Number of updated asset objects reloaded before import = 0
Number of asset objects unloaded after import = 1
========================================================================
Received Import Request.
  Time since last request: 0.000028 seconds.
  path: Assets/Phoenix3D/Textures/Outdoor_Wall_T15/Outdoor_Wall_T15_Ambient_occlusion.png
  artifactKey: Guid(54afeee5ac41c3c4da6915151a2d3ea7) Importer(2089858483,0ecaa5967403d082aa24f35e1b516d23)
Start importing Assets/Phoenix3D/Textures/Outdoor_Wall_T15/Outdoor_Wall_T15_Ambient_occlusion.png using Guid(54afeee5ac41c3c4da6915151a2d3ea7) Importer(2089858483,0ecaa5967403d082aa24f35e1b516d23) Generated GUIDs only implemented for interfaces!
 -> (artifact id: '8433c0fef0671358a8d6fab7946b7e9b') in 0.305270 seconds
Number of updated asset objects reloaded before import = 0
Number of asset objects unloaded after import = 1
========================================================================
Received Import Request.
  Time since last request: 0.000019 seconds.
  path: Assets/JJ_InteriorDoorPack_V1/Materials/mat_door1_white_weathered.mat
  artifactKey: Guid(921f156d2c5998d44b22d6603666191e) Importer(2089858483,0ecaa5967403d082aa24f35e1b516d23)
Start importing Assets/JJ_InteriorDoorPack_V1/Materials/mat_door1_white_weathered.mat using Guid(921f156d2c5998d44b22d6603666191e) Importer(2089858483,0ecaa5967403d082aa24f35e1b516d23) Generated GUIDs only implemented for interfaces!
 -> (artifact id: '3c4d192be794f67249e3d6d0027af3e0') in 1.702349 seconds
Number of updated asset objects reloaded before import = 0
Number of asset objects unloaded after import = 4
========================================================================
Received Import Request.
  Time since last request: 0.000025 seconds.
  path: Assets/TextMesh Pro/Resources/Style Sheets/Default Style Sheet.asset
  artifactKey: Guid(f952c082cb03451daed3ee968ac6c63e) Importer(2089858483,0ecaa5967403d082aa24f35e1b516d23)
Start importing Assets/TextMesh Pro/Resources/Style Sheets/Default Style Sheet.asset using Guid(f952c082cb03451daed3ee968ac6c63e) Importer(2089858483,0ecaa5967403d082aa24f35e1b516d23) Generated GUIDs only implemented for interfaces!
 -> (artifact id: '560c6f39e30420fd3282e0ccef2250d7') in 0.087654 seconds
Number of updated asset objects reloaded before import = 0
Number of asset objects unloaded after import = 1
========================================================================
Received Import Request.
  Time since last request: 0.000038 seconds.
  path: Assets/VRTemplateAssets/Materials/Controller/Blue.mat
  artifactKey: Guid(2c994d22a9398f64d9292e3849f59f92) Importer(2089858483,0ecaa5967403d082aa24f35e1b516d23)
Start importing Assets/VRTemplateAssets/Materials/Controller/Blue.mat using Guid(2c994d22a9398f64d9292e3849f59f92) Importer(2089858483,0ecaa5967403d082aa24f35e1b516d23) Generated GUIDs only implemented for interfaces!
 -> (artifact id: 'ede2919a386c7dae807ce03694a61737') in 0.414024 seconds
Number of updated asset objects reloaded before import = 0
Number of asset objects unloaded after import = 1
========================================================================
Received Import Request.
  Time since last request: 0.000037 seconds.
  path: Assets/VRTemplateAssets/Materials/Anchor Materials/White_Mixed_AO.png
  artifactKey: Guid(61c3552c05bd1b842a62ef7c70a99944) Importer(2089858483,0ecaa5967403d082aa24f35e1b516d23)
Start importing Assets/VRTemplateAssets/Materials/Anchor Materials/White_Mixed_AO.png using Guid(61c3552c05bd1b842a62ef7c70a99944) Importer(2089858483,0ecaa5967403d082aa24f35e1b516d23) Generated GUIDs only implemented for interfaces!
 -> (artifact id: 'b808b48ffb386144605235b9a13657d8') in 0.137859 seconds
Number of updated asset objects reloaded before import = 0
Number of asset objects unloaded after import = 3
========================================================================
Received Import Request.
  Time since last request: 0.000021 seconds.
  path: Assets/VRTemplateAssets/Materials/Controller/UniversalMaterialWhite.mat
  artifactKey: Guid(9c7ab565ff2af1b4fba6ce483a124cf9) Importer(2089858483,0ecaa5967403d082aa24f35e1b516d23)
Start importing Assets/VRTemplateAssets/Materials/Controller/UniversalMaterialWhite.mat using Guid(9c7ab565ff2af1b4fba6ce483a124cf9) Importer(2089858483,0ecaa5967403d082aa24f35e1b516d23) Generated GUIDs only implemented for interfaces!
 -> (artifact id: '194a91d0f843c59d1703377e980a16ba') in 0.008792 seconds
Number of updated asset objects reloaded before import = 0
Number of asset objects unloaded after import = 2
========================================================================
Received Import Request.
  Time since last request: 0.000039 seconds.
  path: Assets/VRTemplateAssets/Materials/Environment/Frosted_Glass_Pattern_AlbedoTransparency.png
  artifactKey: Guid(ec39cf1992b67944dbbaeb7f183de318) Importer(2089858483,0ecaa5967403d082aa24f35e1b516d23)
Start importing Assets/VRTemplateAssets/Materials/Environment/Frosted_Glass_Pattern_AlbedoTransparency.png using Guid(ec39cf1992b67944dbbaeb7f183de318) Importer(2089858483,0ecaa5967403d082aa24f35e1b516d23) Generated GUIDs only implemented for interfaces!
 -> (artifact id: '0c1c958e17d80a4d1f3a0b5a2027f907') in 0.019376 seconds
Number of updated asset objects reloaded before import = 0
Number of asset objects unloaded after import = 1
========================================================================
Received Import Request.
  Time since last request: 0.000032 seconds.
  path: Assets/VRTemplateAssets/Materials/Environment/wall_Height.png
  artifactKey: Guid(b2766e330f67bc74b90720c501d9fe01) Importer(2089858483,0ecaa5967403d082aa24f35e1b516d23)
Start importing Assets/VRTemplateAssets/Materials/Environment/wall_Height.png using Guid(b2766e330f67bc74b90720c501d9fe01) Importer(2089858483,0ecaa5967403d082aa24f35e1b516d23) Generated GUIDs only implemented for interfaces!
 -> (artifact id: 'fbd4cc9793311c8d54032f8225aee60d') in 0.454143 seconds
Number of updated asset objects reloaded before import = 0
Number of asset objects unloaded after import = 1
========================================================================
Received Import Request.
  Time since last request: 0.000023 seconds.
  path: Assets/VRTemplateAssets/Materials/Particles/ConfettiParticles.mat
  artifactKey: Guid(456e2158124c0aa40bf9eceb850dfdb4) Importer(2089858483,0ecaa5967403d082aa24f35e1b516d23)
Start importing Assets/VRTemplateAssets/Materials/Particles/ConfettiParticles.mat using Guid(456e2158124c0aa40bf9eceb850dfdb4) Importer(2089858483,0ecaa5967403d082aa24f35e1b516d23) Generated GUIDs only implemented for interfaces!
 -> (artifact id: 'a1590ee706cd2e4fe9057f610a040039') in 0.064977 seconds
Number of updated asset objects reloaded before import = 0
Number of asset objects unloaded after import = 1
========================================================================
Received Import Request.
  Time since last request: 0.000060 seconds.
  path: Assets/VRTemplateAssets/Materials/Locomotion/BlinkOcclusionPass.mat
  artifactKey: Guid(001bdd73657b0304fa8db289f612d45b) Importer(2089858483,0ecaa5967403d082aa24f35e1b516d23)
Start importing Assets/VRTemplateAssets/Materials/Locomotion/BlinkOcclusionPass.mat using Guid(001bdd73657b0304fa8db289f612d45b) Importer(2089858483,0ecaa5967403d082aa24f35e1b516d23) Generated GUIDs only implemented for interfaces!
 -> (artifact id: 'd08c874f7761cd45e8835e233d3c9db4') in 0.006847 seconds
Number of updated asset objects reloaded before import = 0
Number of asset objects unloaded after import = 2
========================================================================
Received Import Request.
  Time since last request: 0.000024 seconds.
  path: Assets/VRTemplateAssets/Materials/Primitive/Interactables 3.mat
  artifactKey: Guid(cf6ddc7949dbe3c4992fd95474f486f6) Importer(2089858483,0ecaa5967403d082aa24f35e1b516d23)
Start importing Assets/VRTemplateAssets/Materials/Primitive/Interactables 3.mat using Guid(cf6ddc7949dbe3c4992fd95474f486f6) Importer(2089858483,0ecaa5967403d082aa24f35e1b516d23) Generated GUIDs only implemented for interfaces!
 -> (artifact id: '068f1f69847e51d3f5b430faedb5cf56') in 0.087985 seconds
Number of updated asset objects reloaded before import = 0
Number of asset objects unloaded after import = 3
========================================================================
Received Import Request.
  Time since last request: 0.000038 seconds.
  path: Assets/VRTemplateAssets/Materials/UI/BezierLink.mat
  artifactKey: Guid(b0e96864bafcfb54894bb238ad56cf3b) Importer(2089858483,0ecaa5967403d082aa24f35e1b516d23)
Start importing Assets/VRTemplateAssets/Materials/UI/BezierLink.mat using Guid(b0e96864bafcfb54894bb238ad56cf3b) Importer(2089858483,0ecaa5967403d082aa24f35e1b516d23) Generated GUIDs only implemented for interfaces!
 -> (artifact id: '17062d50ef6d37d3e06851d11c05ac4c') in 0.043502 seconds
Number of updated asset objects reloaded before import = 0
Number of asset objects unloaded after import = 1
========================================================================
Received Import Request.
  Time since last request: 0.000557 seconds.
  path: Assets/VRTemplateAssets/Materials/Primitive/Interactables.physicMaterial
  artifactKey: Guid(10bde48ef542d6a4fbee12145283824a) Importer(2089858483,0ecaa5967403d082aa24f35e1b516d23)
Start importing Assets/VRTemplateAssets/Materials/Primitive/Interactables.physicMaterial using Guid(10bde48ef542d6a4fbee12145283824a) Importer(2089858483,0ecaa5967403d082aa24f35e1b516d23) Generated GUIDs only implemented for interfaces!
 -> (artifact id: '9836a198ac34500a49b5b4dddeab5329') in 0.476193 seconds
Number of updated asset objects reloaded before import = 0
Number of asset objects unloaded after import = 1
========================================================================
Received Import Request.
  Time since last request: 0.000044 seconds.
  path: Assets/VRTemplateAssets/Models/Anchor/AnchorFade.fbx
  artifactKey: Guid(436757056de26e144b330984c539cecd) Importer(2089858483,0ecaa5967403d082aa24f35e1b516d23)
Start importing Assets/VRTemplateAssets/Models/Anchor/AnchorFade.fbx using Guid(436757056de26e144b330984c539cecd) Importer(2089858483,0ecaa5967403d082aa24f35e1b516d23) Generated GUIDs only implemented for interfaces!
 -> (artifact id: 'b1616cc5b6ed63098885626cdb560ac8') in 0.028730 seconds
Number of updated asset objects reloaded before import = 0
Number of asset objects unloaded after import = 8
========================================================================
Received Import Request.
  Time since last request: 0.000015 seconds.
  path: Assets/VRTemplateAssets/Models/Anchor/AnchorBase.fbx
  artifactKey: Guid(83053866027bda94da06cb09ab527394) Importer(2089858483,0ecaa5967403d082aa24f35e1b516d23)
Start importing Assets/VRTemplateAssets/Models/Anchor/AnchorBase.fbx using Guid(83053866027bda94da06cb09ab527394) Importer(2089858483,0ecaa5967403d082aa24f35e1b516d23) Generated GUIDs only implemented for interfaces!
 -> (artifact id: 'b9cf87adc8a85a429980e0821c3a64e5') in 0.158398 seconds
Number of updated asset objects reloaded before import = 0
Number of asset objects unloaded after import = 8
========================================================================
Received Import Request.
  Time since last request: 0.000033 seconds.
  path: Assets/Phoenix3D/Materials/Phoenix3D_LOGO.mat
  artifactKey: Guid(6703bcb6c5903124588a0a503f71a010) Importer(2089858483,0ecaa5967403d082aa24f35e1b516d23)
Start importing Assets/Phoenix3D/Materials/Phoenix3D_LOGO.mat using Guid(6703bcb6c5903124588a0a503f71a010) Importer(2089858483,0ecaa5967403d082aa24f35e1b516d23) Generated GUIDs only implemented for interfaces!
 -> (artifact id: '7d4081ea5e794d505002ccc7a630a7b7') in 1.029020 seconds
Number of updated asset objects reloaded before import = 0
Number of asset objects unloaded after import = 2
========================================================================
Received Import Request.
  Time since last request: 0.000023 seconds.
  path: Assets/VRTemplateAssets/Prefabs/UI/Spatial Panel Scroll.prefab
  artifactKey: Guid(085ce58b196caa446a8545c9dd388793) Importer(2089858483,0ecaa5967403d082aa24f35e1b516d23)
Start importing Assets/VRTemplateAssets/Prefabs/UI/Spatial Panel Scroll.prefab using Guid(085ce58b196caa446a8545c9dd388793) Importer(2089858483,0ecaa5967403d082aa24f35e1b516d23) Generated GUIDs only implemented for interfaces!
 -> (artifact id: '8ad57dd012d836ff5bd5e4fa8b3044e7') in 0.857489 seconds
Number of updated asset objects reloaded before import = 0
Number of asset objects unloaded after import = 97
========================================================================
Received Import Request.
  Time since last request: 0.000020 seconds.
  path: Assets/VRTemplateAssets/Sprites/UI/Circle_60x60 Outline 4.png
  artifactKey: Guid(ac11a0f708f466246a121e038d4b6755) Importer(2089858483,0ecaa5967403d082aa24f35e1b516d23)
Start importing Assets/VRTemplateAssets/Sprites/UI/Circle_60x60 Outline 4.png using Guid(ac11a0f708f466246a121e038d4b6755) Importer(2089858483,0ecaa5967403d082aa24f35e1b516d23) Generated GUIDs only implemented for interfaces!
 -> (artifact id: 'cb04afc0debc16e0bc245ebd64cdcb2c') in 0.517090 seconds
Number of updated asset objects reloaded before import = 0
Number of asset objects unloaded after import = 3
========================================================================
Received Import Request.
  Time since last request: 0.000027 seconds.
  path: Assets/Lets Make a VR Game/UI 3D Examples/UI_3D/Materials/AccentButton.mat
  artifactKey: Guid(07c2795a3fc76224f9e44b842ccf3ff0) Importer(2089858483,0ecaa5967403d082aa24f35e1b516d23)
Start importing Assets/Lets Make a VR Game/UI 3D Examples/UI_3D/Materials/AccentButton.mat using Guid(07c2795a3fc76224f9e44b842ccf3ff0) Importer(2089858483,0ecaa5967403d082aa24f35e1b516d23) Generated GUIDs only implemented for interfaces!
 -> (artifact id: 'e7e7c81f6a481fbfdaad0a802d25feb0') in 0.181783 seconds
Number of updated asset objects reloaded before import = 0
Number of asset objects unloaded after import = 1
========================================================================
Received Import Request.
  Time since last request: 0.000017 seconds.
  path: Assets/VRTemplateAssets/Prefabs/UI/List Item Button.prefab
  artifactKey: Guid(fa5ef3b56cfeb4f4ba855cdf2610a578) Importer(2089858483,0ecaa5967403d082aa24f35e1b516d23)
Start importing Assets/VRTemplateAssets/Prefabs/UI/List Item Button.prefab using Guid(fa5ef3b56cfeb4f4ba855cdf2610a578) Importer(2089858483,0ecaa5967403d082aa24f35e1b516d23) Generated GUIDs only implemented for interfaces!
 -> (artifact id: 'd96d6d5fefff289b674defb8fbb6535f') in 0.257120 seconds
Number of updated asset objects reloaded before import = 0
Number of asset objects unloaded after import = 44
========================================================================
Received Import Request.
  Time since last request: 0.000024 seconds.
  path: Assets/VRTemplateAssets/Prefabs/Affordance/Affordance Callout.prefab
  artifactKey: Guid(048249d9a15aa3c459399751e860bde7) Importer(2089858483,3d70f49cd1c2eb9ae422958d1c652c6b)
Start importing Assets/VRTemplateAssets/Prefabs/Affordance/Affordance Callout.prefab using Guid(048249d9a15aa3c459399751e860bde7) Importer(2089858483,3d70f49cd1c2eb9ae422958d1c652c6b) The method get_fontSharedMaterials was not found on Tooltip Text. This property will not be indexed.
UnityEngine.StackTraceUtility:ExtractStackTrace ()
UnityEngine.DebugLogHandler:LogFormat (UnityEngine.LogType,UnityEngine.Object,string,object[])
UnityEngine.Logger:Log (UnityEngine.LogType,object)
UnityEngine.Debug:LogWarning (object)
UnityEditor.Rendering.Universal.MaterialReferenceBuilder:GetMaterialFromMethod (System.Reflection.MethodInfo,UnityEngine.Object,System.Func`3<string, string, string>) (at ./Library/PackageCache/com.unity.render-pipelines.universal@14.0.9/Editor/Converter/MaterialReferenceBuilder.cs:133)
UnityEditor.Rendering.Universal.ConversionIndexers:ConversionIndexer (UnityEditor.Search.CustomObjectIndexerTarget,UnityEditor.Search.ObjectIndexer) (at ./Library/PackageCache/com.unity.render-pipelines.universal@14.0.9/Editor/Converter/ConversionIndexers.cs:21)
UnityEditor.Search.ObjectIndexer:CallCustomIndexers (string,int,UnityEngine.Object,UnityEditor.SerializedObject,bool)
UnityEditor.Search.ObjectIndexer:IndexCustomProperties (string,int,UnityEngine.Object)
UnityEditor.Search.AssetIndexer:IndexCustomGameObjectProperties (string,int,UnityEngine.GameObject)
UnityEditor.Search.AssetIndexer:IndexObjects (UnityEngine.GameObject[],string,string,string,bool)
UnityEditor.Search.AssetIndexer:IndexPrefab (string,bool)
UnityEditor.Search.AssetIndexer:IndexSceneDocument (string,bool)
UnityEditor.Search.AssetIndexer:IndexDocument (string,bool)
UnityEditor.Search.SearchIndexEntryImporter:OnImportAsset (UnityEditor.AssetImporters.AssetImportContext)
UnityEditor.AssetImporters.ScriptedImporter:GenerateAssetData (UnityEditor.AssetImporters.AssetImportContext)

(Filename: ./Library/PackageCache/com.unity.render-pipelines.universal@14.0.9/Editor/Converter/MaterialReferenceBuilder.cs Line: 133)

Generated GUIDs only implemented for interfaces!
 -> (artifact id: '19a9ed5fe97f050704a0f646fd7ed04f') in 0.032834 seconds
Number of updated asset objects reloaded before import = 0
Number of asset objects unloaded after import = 49
========================================================================
Received Import Request.
  Time since last request: 0.000011 seconds.
  path: Assets/Lets Make a VR Game/UI 3D Examples/UI_3D/Prefabs/Lever.prefab
  artifactKey: Guid(36eff8b49ecdca745894efb1d2ce5f8f) Importer(2089858483,0ecaa5967403d082aa24f35e1b516d23)
Start importing Assets/Lets Make a VR Game/UI 3D Examples/UI_3D/Prefabs/Lever.prefab using Guid(36eff8b49ecdca745894efb1d2ce5f8f) Importer(2089858483,0ecaa5967403d082aa24f35e1b516d23) Generated GUIDs only implemented for interfaces!
 -> (artifact id: '0f5b15052959c25ea0f8de10b1d37212') in 0.527251 seconds
Number of updated asset objects reloaded before import = 0
Number of asset objects unloaded after import = 32
========================================================================
Received Import Request.
  Time since last request: 0.000018 seconds.
  path: Assets/Lets Make a VR Game/UI 3D Examples/UI_3D/Scripts/XRLever.cs
  artifactKey: Guid(e601cf28e9702c945abe3b90e7f51974) Importer(2089858483,0ecaa5967403d082aa24f35e1b516d23)
Start importing Assets/Lets Make a VR Game/UI 3D Examples/UI_3D/Scripts/XRLever.cs using Guid(e601cf28e9702c945abe3b90e7f51974) Importer(2089858483,0ecaa5967403d082aa24f35e1b516d23) Generated GUIDs only implemented for interfaces!
 -> (artifact id: '6291a8b6f8252763b4709179370009a1') in 0.116609 seconds
Number of updated asset objects reloaded before import = 0
Number of asset objects unloaded after import = 1
========================================================================
Received Import Request.
  Time since last request: 0.000048 seconds.
  path: Assets/Lets Make a VR Game/UI 3D Examples/UI_3D/Textures/SheepPrize_A_White.png
  artifactKey: Guid(9f8c400b23f5c1345ad7b5b4b8024e75) Importer(2089858483,0ecaa5967403d082aa24f35e1b516d23)
Start importing Assets/Lets Make a VR Game/UI 3D Examples/UI_3D/Textures/SheepPrize_A_White.png using Guid(9f8c400b23f5c1345ad7b5b4b8024e75) Importer(2089858483,0ecaa5967403d082aa24f35e1b516d23) Generated GUIDs only implemented for interfaces!
 -> (artifact id: 'b10fb133701a0ba43cbecb0abc5c855d') in 0.634854 seconds
Number of updated asset objects reloaded before import = 0
Number of asset objects unloaded after import = 1
========================================================================
Received Import Request.
  Time since last request: 0.000020 seconds.
  path: Assets/materials/Architecture textures pack/Plasterboard/Materials/Plasterboard diffuse.mat
  artifactKey: Guid(c0cedbfa816232f4caa0f0ee6049324e) Importer(2089858483,0ecaa5967403d082aa24f35e1b516d23)
Start importing Assets/materials/Architecture textures pack/Plasterboard/Materials/Plasterboard diffuse.mat using Guid(c0cedbfa816232f4caa0f0ee6049324e) Importer(2089858483,0ecaa5967403d082aa24f35e1b516d23) Generated GUIDs only implemented for interfaces!
 -> (artifact id: '41f40ca53f993046478d839aae2407df') in 0.893980 seconds
Number of updated asset objects reloaded before import = 0
Number of asset objects unloaded after import = 2
========================================================================
Received Import Request.
  Time since last request: 0.000018 seconds.
  path: Assets/materials/Wooden floor/Wooden floor 01/Materials/Wooden floor diffuse.mat
  artifactKey: Guid(727591f6956c727489a01f093916a0ea) Importer(2089858483,0ecaa5967403d082aa24f35e1b516d23)
Start importing Assets/materials/Wooden floor/Wooden floor 01/Materials/Wooden floor diffuse.mat using Guid(727591f6956c727489a01f093916a0ea) Importer(2089858483,0ecaa5967403d082aa24f35e1b516d23) Generated GUIDs only implemented for interfaces!
 -> (artifact id: 'b3c00168e67d0451442e8ec430412388') in 0.579145 seconds
Number of updated asset objects reloaded before import = 0
Number of asset objects unloaded after import = 2
========================================================================
Received Import Request.
  Time since last request: 0.000015 seconds.
  path: Assets/materials/Wooden floor/Wooden floor 02/Materials/Wooden floor diffuse.mat
  artifactKey: Guid(36adbf0497aa49a4c9cf0105abd65748) Importer(2089858483,0ecaa5967403d082aa24f35e1b516d23)
Start importing Assets/materials/Wooden floor/Wooden floor 02/Materials/Wooden floor diffuse.mat using Guid(36adbf0497aa49a4c9cf0105abd65748) Importer(2089858483,0ecaa5967403d082aa24f35e1b516d23) Generated GUIDs only implemented for interfaces!
 -> (artifact id: 'edb4d35854ad0cf6fa4b5b94c4e29f62') in 0.760584 seconds
Number of updated asset objects reloaded before import = 0
Number of asset objects unloaded after import = 2
========================================================================
Received Import Request.
  Time since last request: 0.000024 seconds.
  path: Assets/philippeassets/Apartment_Door/Textures/SimpleDoor/Simple Door LOD0_LOD0_MetallicSmoothness.png
  artifactKey: Guid(b5e8e924a9c53bb488d34489d6258927) Importer(2089858483,0ecaa5967403d082aa24f35e1b516d23)
Start importing Assets/philippeassets/Apartment_Door/Textures/SimpleDoor/Simple Door LOD0_LOD0_MetallicSmoothness.png using Guid(b5e8e924a9c53bb488d34489d6258927) Importer(2089858483,0ecaa5967403d082aa24f35e1b516d23) Generated GUIDs only implemented for interfaces!
 -> (artifact id: 'f856420caf47b427debb7cfdb00da6eb') in 0.330253 seconds
Number of updated asset objects reloaded before import = 0
Number of asset objects unloaded after import = 1
========================================================================
Received Import Request.
  Time since last request: 0.000060 seconds.
  path: Assets/philippeassets/asset_store/key_lock/prefab/prf_v_key_03.prefab
  artifactKey: Guid(2d678e3e202b1344d999c6e60927f9ab) Importer(2089858483,0ecaa5967403d082aa24f35e1b516d23)
Start importing Assets/philippeassets/asset_store/key_lock/prefab/prf_v_key_03.prefab using Guid(2d678e3e202b1344d999c6e60927f9ab) Importer(2089858483,0ecaa5967403d082aa24f35e1b516d23) Generated GUIDs only implemented for interfaces!
 -> (artifact id: '09581da5fe804d3444ac5ec6fbaa9cae') in 1.529070 seconds
Number of updated asset objects reloaded before import = 0
Number of asset objects unloaded after import = 17
========================================================================
Received Import Request.
  Time since last request: 0.000024 seconds.
  path: Assets/philippeassets/Hovl Studio/Magic effects pack/Demo scene/Lightmap-0_comp_dir.png
  artifactKey: Guid(4a3abcea8684f464a9b302dd7a047387) Importer(2089858483,0ecaa5967403d082aa24f35e1b516d23)
Start importing Assets/philippeassets/Hovl Studio/Magic effects pack/Demo scene/Lightmap-0_comp_dir.png using Guid(4a3abcea8684f464a9b302dd7a047387) Importer(2089858483,0ecaa5967403d082aa24f35e1b516d23) Generated GUIDs only implemented for interfaces!
 -> (artifact id: 'eee4ebed223a353b2a84ef6b126588cb') in 0.302718 seconds
Number of updated asset objects reloaded before import = 0
Number of asset objects unloaded after import = 1
========================================================================
Received Import Request.
  Time since last request: 0.000029 seconds.
  path: Assets/philippeassets/Hovl Studio/Magic effects pack/Materials/Snowflake.mat
  artifactKey: Guid(110e8ef5ba5275f4c864c6b5190c7891) Importer(2089858483,0ecaa5967403d082aa24f35e1b516d23)
Start importing Assets/philippeassets/Hovl Studio/Magic effects pack/Materials/Snowflake.mat using Guid(110e8ef5ba5275f4c864c6b5190c7891) Importer(2089858483,0ecaa5967403d082aa24f35e1b516d23) Generated GUIDs only implemented for interfaces!
 -> (artifact id: '14158d77e5c39718686ae319382d3c8a') in 0.362759 seconds
Number of updated asset objects reloaded before import = 0
Number of asset objects unloaded after import = 2
========================================================================
Received Import Request.
  Time since last request: 0.000033 seconds.
  path: Assets/philippeassets/Hovl Studio/Magic effects pack/Materials/Gradient.mat
  artifactKey: Guid(2ae196836e3f6ce438e93e246a6ab900) Importer(2089858483,0ecaa5967403d082aa24f35e1b516d23)
Start importing Assets/philippeassets/Hovl Studio/Magic effects pack/Materials/Gradient.mat using Guid(2ae196836e3f6ce438e93e246a6ab900) Importer(2089858483,0ecaa5967403d082aa24f35e1b516d23) Generated GUIDs only implemented for interfaces!
 -> (artifact id: 'fb4153909d03cb5476e1b91920cdbbba') in 0.779242 seconds
Number of updated asset objects reloaded before import = 0
Number of asset objects unloaded after import = 2
========================================================================
Received Import Request.
  Time since last request: 0.000116 seconds.
  path: Assets/philippeassets/Hovl Studio/Magic effects pack/Textures/Mask1.png
  artifactKey: Guid(c829f3f833484ac45b5b9150cb06631c) Importer(2089858483,0ecaa5967403d082aa24f35e1b516d23)
Start importing Assets/philippeassets/Hovl Studio/Magic effects pack/Textures/Mask1.png using Guid(c829f3f833484ac45b5b9150cb06631c) Importer(2089858483,0ecaa5967403d082aa24f35e1b516d23) Generated GUIDs only implemented for interfaces!
 -> (artifact id: '169df8095868a099ef33e1165ebbaa7f') in 0.012632 seconds
Number of updated asset objects reloaded before import = 0
Number of asset objects unloaded after import = 1
========================================================================
Received Import Request.
  Time since last request: 0.000189 seconds.
  path: Assets/philippeassets/Hovl Studio/Magic effects pack/Textures/MagicCircle2.png
  artifactKey: Guid(5a6bd793e147ac64e98bf339553fd728) Importer(2089858483,0ecaa5967403d082aa24f35e1b516d23)
Start importing Assets/philippeassets/Hovl Studio/Magic effects pack/Textures/MagicCircle2.png using Guid(5a6bd793e147ac64e98bf339553fd728) Importer(2089858483,0ecaa5967403d082aa24f35e1b516d23) Generated GUIDs only implemented for interfaces!
 -> (artifact id: '80ac96bc545301225d29f14fb295e05b') in 0.013372 seconds
Number of updated asset objects reloaded before import = 0
Number of asset objects unloaded after import = 1
========================================================================
Received Import Request.
  Time since last request: 0.000052 seconds.
  path: Assets/philippeassets/MASH Virtual/Demo/Sci Fi Doors Demo/LightingData.asset
  artifactKey: Guid(4b55eae1a0606df428aa930491f8bcf1) Importer(2089858483,0ecaa5967403d082aa24f35e1b516d23)
Start importing Assets/philippeassets/MASH Virtual/Demo/Sci Fi Doors Demo/LightingData.asset using Guid(4b55eae1a0606df428aa930491f8bcf1) Importer(2089858483,0ecaa5967403d082aa24f35e1b516d23) Generated GUIDs only implemented for interfaces!
 -> (artifact id: 'e4f4ea6e14077b4cd48d7d3d503a9a54') in 0.818780 seconds
Number of updated asset objects reloaded before import = 0
Number of asset objects unloaded after import = 2
========================================================================
Received Import Request.
  Time since last request: 0.000025 seconds.
  path: Assets/Phoenix3D/Demo/HDRP_Settings/HDRPDefaultResources/DefaultHDRISky.exr
  artifactKey: Guid(54a3a0570aebe8949bec4966f1376581) Importer(2089858483,0ecaa5967403d082aa24f35e1b516d23)
Start importing Assets/Phoenix3D/Demo/HDRP_Settings/HDRPDefaultResources/DefaultHDRISky.exr using Guid(54a3a0570aebe8949bec4966f1376581) Importer(2089858483,0ecaa5967403d082aa24f35e1b516d23) Generated GUIDs only implemented for interfaces!
 -> (artifact id: '7b9964ee7e9cc0decf0072cebe5831fb') in 1.011253 seconds
Number of updated asset objects reloaded before import = 0
Number of asset objects unloaded after import = 1
========================================================================
Received Import Request.
  Time since last request: 0.000076 seconds.
  path: Assets/Samples/XR Interaction Toolkit/2.4.3/Starter Assets/DemoScene.unity
  artifactKey: Guid(319dafa5c80f29f428dc1e0d03f04177) Importer(2089858483,0ecaa5967403d082aa24f35e1b516d23)
Start importing Assets/Samples/XR Interaction Toolkit/2.4.3/Starter Assets/DemoScene.unity using Guid(319dafa5c80f29f428dc1e0d03f04177) Importer(2089858483,0ecaa5967403d082aa24f35e1b516d23) Generated GUIDs only implemented for interfaces!
 -> (artifact id: '688120233b26bd62de8e07a246a01e91') in 0.003181 seconds
Number of updated asset objects reloaded before import = 0
Number of asset objects unloaded after import = 1
========================================================================
Received Import Request.
  Time since last request: 0.000042 seconds.
  path: Assets/philippeassets/Hovl Studio/Magic effects pack/Materials/Floor3.mat
  artifactKey: Guid(ca6fd35d7de69cb449d560ab9228d502) Importer(2089858483,0ecaa5967403d082aa24f35e1b516d23)
Start importing Assets/philippeassets/Hovl Studio/Magic effects pack/Materials/Floor3.mat using Guid(ca6fd35d7de69cb449d560ab9228d502) Importer(2089858483,0ecaa5967403d082aa24f35e1b516d23) Generated GUIDs only implemented for interfaces!
 -> (artifact id: '0e56dad00f08561c5ff73a7f499b9162') in 0.589468 seconds
Number of updated asset objects reloaded before import = 0
Number of asset objects unloaded after import = 5
========================================================================
Received Import Request.
  Time since last request: 0.000040 seconds.
  path: Assets/Samples/XR Interaction Toolkit/2.4.3/Tunneling Vignette/TunnelingVignetteSG.shadergraph
  artifactKey: Guid(ac2f6df914f32ff478a6e02aaff5174f) Importer(2089858483,0ecaa5967403d082aa24f35e1b516d23)
Start importing Assets/Samples/XR Interaction Toolkit/2.4.3/Tunneling Vignette/TunnelingVignetteSG.shadergraph using Guid(ac2f6df914f32ff478a6e02aaff5174f) Importer(2089858483,0ecaa5967403d082aa24f35e1b516d23) Generated GUIDs only implemented for interfaces!
 -> (artifact id: 'fcd8c23dfcc35853b843829f724890e0') in 0.406499 seconds
Number of updated asset objects reloaded before import = 0
Number of asset objects unloaded after import = 3
========================================================================
Received Import Request.
  Time since last request: 0.000068 seconds.
  path: Assets/Samples/XR Interaction Toolkit/2.4.3/Tunneling Vignette/TunnelingVignetteHemisphere.fbx
  artifactKey: Guid(0863a94853770ec459e2b729cb7fc574) Importer(2089858483,0ecaa5967403d082aa24f35e1b516d23)
Start importing Assets/Samples/XR Interaction Toolkit/2.4.3/Tunneling Vignette/TunnelingVignetteHemisphere.fbx using Guid(0863a94853770ec459e2b729cb7fc574) Importer(2089858483,0ecaa5967403d082aa24f35e1b516d23) Generated GUIDs only implemented for interfaces!
 -> (artifact id: '7b577960c15f349891355555889dc4ce') in 0.133886 seconds
Number of updated asset objects reloaded before import = 0
Number of asset objects unloaded after import = 7
========================================================================
Received Import Request.
  Time since last request: 0.000020 seconds.
  path: Assets/philippeassets/asset_store/key_lock/textures/key/m_key_01_black_bc.png
  artifactKey: Guid(b695dde35f2e0fc4ebee08de328f103d) Importer(2089858483,0ecaa5967403d082aa24f35e1b516d23)
Start importing Assets/philippeassets/asset_store/key_lock/textures/key/m_key_01_black_bc.png using Guid(b695dde35f2e0fc4ebee08de328f103d) Importer(2089858483,0ecaa5967403d082aa24f35e1b516d23) Generated GUIDs only implemented for interfaces!
 -> (artifact id: '90204661c78ee0162f78b4bd8ae97d8b') in 0.021089 seconds
Number of updated asset objects reloaded before import = 0
Number of asset objects unloaded after import = 1
========================================================================
Received Import Request.
  Time since last request: 0.000044 seconds.
  path: Assets/Lets Make a VR Game/UI 3D Examples/UI_3D/Scripts/ClawMachine/FlippyDoor.cs
  artifactKey: Guid(6d0c2d7cf5f0ee141a994934c9d2f1a1) Importer(2089858483,0ecaa5967403d082aa24f35e1b516d23)
Start importing Assets/Lets Make a VR Game/UI 3D Examples/UI_3D/Scripts/ClawMachine/FlippyDoor.cs using Guid(6d0c2d7cf5f0ee141a994934c9d2f1a1) Importer(2089858483,0ecaa5967403d082aa24f35e1b516d23) Generated GUIDs only implemented for interfaces!
 -> (artifact id: '0a89c8e6548d329d9f735120ef20bc42') in 0.074026 seconds
Number of updated asset objects reloaded before import = 0
Number of asset objects unloaded after import = 1
========================================================================
Received Import Request.
  Time since last request: 0.000152 seconds.
  path: Assets/Samples/XR Interaction Toolkit/2.4.3/Starter Assets/XRI Default Left Grab Move.preset
  artifactKey: Guid(e2e08fffc3edfbb47a429bae0c5a6343) Importer(2089858483,0ecaa5967403d082aa24f35e1b516d23)
Start importing Assets/Samples/XR Interaction Toolkit/2.4.3/Starter Assets/XRI Default Left Grab Move.preset using Guid(e2e08fffc3edfbb47a429bae0c5a6343) Importer(2089858483,0ecaa5967403d082aa24f35e1b516d23) Generated GUIDs only implemented for interfaces!
 -> (artifact id: '725e9f2cac9fec148cda52ba925f972a') in 0.186507 seconds
Number of updated asset objects reloaded before import = 0
Number of asset objects unloaded after import = 3
========================================================================
Received Import Request.
  Time since last request: 0.000022 seconds.
  path: Assets/Samples/XR Interaction Toolkit/2.4.3/Starter Assets/XRI Default Input Actions.inputactions
  artifactKey: Guid(c348712bda248c246b8c49b3db54643f) Importer(2089858483,0ecaa5967403d082aa24f35e1b516d23)
Start importing Assets/Samples/XR Interaction Toolkit/2.4.3/Starter Assets/XRI Default Input Actions.inputactions using Guid(c348712bda248c246b8c49b3db54643f) Importer(2089858483,0ecaa5967403d082aa24f35e1b516d23) Generated GUIDs only implemented for interfaces!
 -> (artifact id: 'ad7981917bddc65049c43a3cb621ef50') in 0.398085 seconds
Number of updated asset objects reloaded before import = 0
Number of asset objects unloaded after import = 74
========================================================================
Received Import Request.
  Time since last request: 0.000048 seconds.
  path: Assets/philippeassets/asset_store/key_lock/textures/lock/m_lock_01_m_s.png
  artifactKey: Guid(f86513d6f9a28c74dbd9c733b20671b4) Importer(2089858483,0ecaa5967403d082aa24f35e1b516d23)
Start importing Assets/philippeassets/asset_store/key_lock/textures/lock/m_lock_01_m_s.png using Guid(f86513d6f9a28c74dbd9c733b20671b4) Importer(2089858483,0ecaa5967403d082aa24f35e1b516d23) Generated GUIDs only implemented for interfaces!
 -> (artifact id: '37725a49109505829f19bf075de49aed') in 0.018566 seconds
Number of updated asset objects reloaded before import = 0
Number of asset objects unloaded after import = 1
========================================================================
Received Import Request.
  Time since last request: 0.000023 seconds.
  path: Assets/philippeassets/Hovl Studio/Magic effects pack/Prefabs/Character auras/Love aura.prefab
  artifactKey: Guid(43d1d06cf70fcb2488255051aaae40a5) Importer(2089858483,0ecaa5967403d082aa24f35e1b516d23)
Start importing Assets/philippeassets/Hovl Studio/Magic effects pack/Prefabs/Character auras/Love aura.prefab using Guid(43d1d06cf70fcb2488255051aaae40a5) Importer(2089858483,0ecaa5967403d082aa24f35e1b516d23) Generated GUIDs only implemented for interfaces!
 -> (artifact id: '461960bc902aaf75b1b194a64ec7e36b') in 0.290160 seconds
Number of updated asset objects reloaded before import = 0
Number of asset objects unloaded after import = 14
========================================================================
Received Import Request.
  Time since last request: 0.000021 seconds.
  path: Assets/philippeassets/Hovl Studio/Magic effects pack/Prefabs/AoE effects/Snow AOE.prefab
  artifactKey: Guid(05ce920d629922a4eb4795ef7494ce5c) Importer(2089858483,0ecaa5967403d082aa24f35e1b516d23)
Start importing Assets/philippeassets/Hovl Studio/Magic effects pack/Prefabs/AoE effects/Snow AOE.prefab using Guid(05ce920d629922a4eb4795ef7494ce5c) Importer(2089858483,0ecaa5967403d082aa24f35e1b516d23) Generated GUIDs only implemented for interfaces!
 -> (artifact id: 'e8049fbd3ad8001eaa17e3050fd19ec4') in 0.158866 seconds
Number of updated asset objects reloaded before import = 0
Number of asset objects unloaded after import = 35
========================================================================
Received Import Request.
  Time since last request: 0.000025 seconds.
  path: Assets/philippeassets/asset_store/key_lock/textures/lock/m_lock_01_bc.png
  artifactKey: Guid(099fac015b8b00b4590f2de65718c1f9) Importer(2089858483,0ecaa5967403d082aa24f35e1b516d23)
Start importing Assets/philippeassets/asset_store/key_lock/textures/lock/m_lock_01_bc.png using Guid(099fac015b8b00b4590f2de65718c1f9) Importer(2089858483,0ecaa5967403d082aa24f35e1b516d23) Generated GUIDs only implemented for interfaces!
 -> (artifact id: 'c4fd0b75aabf79f19e7124d1d442eaf7') in 0.015496 seconds
Number of updated asset objects reloaded before import = 0
Number of asset objects unloaded after import = 1
========================================================================
Received Import Request.
  Time since last request: 0.000097 seconds.
  path: Assets/philippeassets/Hovl Studio/Magic effects pack/Prefabs/Hits and explosions/Holy hit.prefab
  artifactKey: Guid(e190bf97c041e58448af6b043116cba0) Importer(2089858483,0ecaa5967403d082aa24f35e1b516d23)
Start importing Assets/philippeassets/Hovl Studio/Magic effects pack/Prefabs/Hits and explosions/Holy hit.prefab using Guid(e190bf97c041e58448af6b043116cba0) Importer(2089858483,0ecaa5967403d082aa24f35e1b516d23) Generated GUIDs only implemented for interfaces!
 -> (artifact id: 'd25b92b411d7316edf39caa733a5cb55') in 0.169321 seconds
Number of updated asset objects reloaded before import = 0
Number of asset objects unloaded after import = 22
========================================================================
Received Import Request.
  Time since last request: 0.000020 seconds.
  path: Assets/Phoenix3D/Demo/HDRP_Settings/Settings/Volumes/ScreenshotsTimelineProfile.asset
  artifactKey: Guid(03bc34b71695890468eb021c73b228db) Importer(2089858483,0ecaa5967403d082aa24f35e1b516d23)
Start importing Assets/Phoenix3D/Demo/HDRP_Settings/Settings/Volumes/ScreenshotsTimelineProfile.asset using Guid(03bc34b71695890468eb021c73b228db) Importer(2089858483,0ecaa5967403d082aa24f35e1b516d23) Generated GUIDs only implemented for interfaces!
 -> (artifact id: '5b7bc7d14486bfabf61c71ec040226be') in 0.063902 seconds
Number of updated asset objects reloaded before import = 0
Number of asset objects unloaded after import = 3
========================================================================
Received Import Request.
  Time since last request: 0.000252 seconds.
  path: Assets/philippeassets/Hovl Studio/Magic effects pack/Prefabs/Hits and explosions/Snow hit.prefab
  artifactKey: Guid(0edef91621bb6b34384ccc9dbb98729c) Importer(2089858483,0ecaa5967403d082aa24f35e1b516d23)
Start importing Assets/philippeassets/Hovl Studio/Magic effects pack/Prefabs/Hits and explosions/Snow hit.prefab using Guid(0edef91621bb6b34384ccc9dbb98729c) Importer(2089858483,0ecaa5967403d082aa24f35e1b516d23) Generated GUIDs only implemented for interfaces!
 -> (artifact id: '50cd0baadf3b6431b290d8b75987aa53') in 0.642490 seconds
Number of updated asset objects reloaded before import = 0
Number of asset objects unloaded after import = 22
========================================================================
Received Import Request.
  Time since last request: 0.000020 seconds.
  path: Assets/Samples/XR Interaction Toolkit/2.4.3/Starter Assets/Audio/Button Pop.wav
  artifactKey: Guid(16fba6d30ed741d4a9fdd6e79ee2f3ac) Importer(2089858483,0ecaa5967403d082aa24f35e1b516d23)
Start importing Assets/Samples/XR Interaction Toolkit/2.4.3/Starter Assets/Audio/Button Pop.wav using Guid(16fba6d30ed741d4a9fdd6e79ee2f3ac) Importer(2089858483,0ecaa5967403d082aa24f35e1b516d23) Generated GUIDs only implemented for interfaces!
 -> (artifact id: '3b54cf9862ac8a3b6f487f9fb244bc13') in 0.165196 seconds
Number of updated asset objects reloaded before import = 0
Number of asset objects unloaded after import = 1
========================================================================
Received Import Request.
  Time since last request: 0.000035 seconds.
  path: Assets/VRTemplateAssets/Materials/Environment/Concrete_Albedo.tif
  artifactKey: Guid(5803a7cd377fea04dbb2916a5d373150) Importer(2089858483,0ecaa5967403d082aa24f35e1b516d23)
Start importing Assets/VRTemplateAssets/Materials/Environment/Concrete_Albedo.tif using Guid(5803a7cd377fea04dbb2916a5d373150) Importer(2089858483,0ecaa5967403d082aa24f35e1b516d23) Generated GUIDs only implemented for interfaces!
 -> (artifact id: 'efdf766ad106949cf176a47cc93ec599') in 0.440916 seconds
Number of updated asset objects reloaded before import = 0
Number of asset objects unloaded after import = 1
========================================================================
Received Import Request.
  Time since last request: 0.000018 seconds.
  path: Assets/Samples/XR Interaction Toolkit/2.4.3/Starter Assets/Prefabs/Controllers/XR Controller Right.prefab
  artifactKey: Guid(9f3369e30fbd31f4bb596b1a99babe83) Importer(2089858483,0ecaa5967403d082aa24f35e1b516d23)
Start importing Assets/Samples/XR Interaction Toolkit/2.4.3/Starter Assets/Prefabs/Controllers/XR Controller Right.prefab using Guid(9f3369e30fbd31f4bb596b1a99babe83) Importer(2089858483,0ecaa5967403d082aa24f35e1b516d23) Generated GUIDs only implemented for interfaces!
 -> (artifact id: '4936a22503f5fbf6a15330ecc5996e48') in 0.005318 seconds
Number of updated asset objects reloaded before import = 0
Number of asset objects unloaded after import = 51
========================================================================
Received Import Request.
  Time since last request: 0.000022 seconds.
  path: Assets/Samples/XR Interaction Toolkit/2.4.3/Starter Assets/Prefabs/Controllers/XR Controller Left.prefab
  artifactKey: Guid(1392f805216c47742996d4742c80721c) Importer(2089858483,0ecaa5967403d082aa24f35e1b516d23)
Start importing Assets/Samples/XR Interaction Toolkit/2.4.3/Starter Assets/Prefabs/Controllers/XR Controller Left.prefab using Guid(1392f805216c47742996d4742c80721c) Importer(2089858483,0ecaa5967403d082aa24f35e1b516d23) Generated GUIDs only implemented for interfaces!
 -> (artifact id: '303e151d3e5cb8e82d0bfa044c73961d') in 0.006976 seconds
Number of updated asset objects reloaded before import = 0
Number of asset objects unloaded after import = 51
========================================================================
Received Import Request.
  Time since last request: 0.000017 seconds.
  path: Assets/Samples/XR Interaction Toolkit/2.4.3/Starter Assets/Prefabs/XR Interaction Setup.prefab
  artifactKey: Guid(895f6f3c2d334633b5800312285058d2) Importer(2089858483,0ecaa5967403d082aa24f35e1b516d23)
Start importing Assets/Samples/XR Interaction Toolkit/2.4.3/Starter Assets/Prefabs/XR Interaction Setup.prefab using Guid(895f6f3c2d334633b5800312285058d2) Importer(2089858483,0ecaa5967403d082aa24f35e1b516d23) Generated GUIDs only implemented for interfaces!
 -> (artifact id: 'da65e83863a67010a91e8b698eddd04d') in 0.043306 seconds
Number of updated asset objects reloaded before import = 0
Number of asset objects unloaded after import = 323
========================================================================
Received Import Request.
  Time since last request: 0.000015 seconds.
  path: Assets/Samples/XR Interaction Toolkit/2.4.3/Starter Assets/Prefabs/Teleport/Teleport Anchor.prefab
  artifactKey: Guid(fad94b617f0540568dbf4c9c4011248c) Importer(2089858483,0ecaa5967403d082aa24f35e1b516d23)
Start importing Assets/Samples/XR Interaction Toolkit/2.4.3/Starter Assets/Prefabs/Teleport/Teleport Anchor.prefab using Guid(fad94b617f0540568dbf4c9c4011248c) Importer(2089858483,0ecaa5967403d082aa24f35e1b516d23) Generated GUIDs only implemented for interfaces!
 -> (artifact id: '2cd9d19f7f2b6df3eef789fd25badb7a') in 0.020904 seconds
Number of updated asset objects reloaded before import = 0
Number of asset objects unloaded after import = 11
========================================================================
Received Import Request.
  Time since last request: 0.000023 seconds.
  path: Assets/Samples/XR Interaction Toolkit/2.4.3/Starter Assets/Prefabs/Teleport/Directional Teleport Reticle.prefab
  artifactKey: Guid(893219773891c784ab469a39151879b4) Importer(2089858483,0ecaa5967403d082aa24f35e1b516d23)
Start importing Assets/Samples/XR Interaction Toolkit/2.4.3/Starter Assets/Prefabs/Teleport/Directional Teleport Reticle.prefab using Guid(893219773891c784ab469a39151879b4) Importer(2089858483,0ecaa5967403d082aa24f35e1b516d23) Generated GUIDs only implemented for interfaces!
 -> (artifact id: '3213e359313d5ff71bd02ea5e9ea69ce') in 0.006088 seconds
Number of updated asset objects reloaded before import = 0
Number of asset objects unloaded after import = 14
========================================================================
Received Import Request.
  Time since last request: 0.000018 seconds.
  path: Assets/Samples/XR Interaction Toolkit/2.4.3/Starter Assets/Prefabs/Teleport/Teleport Area.prefab
  artifactKey: Guid(beb4e2871579447497fe41dfb108e2cd) Importer(2089858483,0ecaa5967403d082aa24f35e1b516d23)
Start importing Assets/Samples/XR Interaction Toolkit/2.4.3/Starter Assets/Prefabs/Teleport/Teleport Area.prefab using Guid(beb4e2871579447497fe41dfb108e2cd) Importer(2089858483,0ecaa5967403d082aa24f35e1b516d23) Generated GUIDs only implemented for interfaces!
 -> (artifact id: 'e872b57c62841dc59d23e95714c5b385') in 0.022070 seconds
Number of updated asset objects reloaded before import = 0
Number of asset objects unloaded after import = 10
========================================================================
Received Import Request.
  Time since last request: 0.000015 seconds.
  path: Assets/Georgian, by Tokyo Liu/Materials and textures/white legs/DefaultMaterial_Normal_OpenGL.png
  artifactKey: Guid(8f72f7891eb9fc449b4f6f1dda310c91) Importer(2089858483,0ecaa5967403d082aa24f35e1b516d23)
Start importing Assets/Georgian, by Tokyo Liu/Materials and textures/white legs/DefaultMaterial_Normal_OpenGL.png using Guid(8f72f7891eb9fc449b4f6f1dda310c91) Importer(2089858483,0ecaa5967403d082aa24f35e1b516d23) Generated GUIDs only implemented for interfaces!
 -> (artifact id: '6da3aa838e3d06316ce495632b984796') in 0.653178 seconds
Number of updated asset objects reloaded before import = 0
Number of asset objects unloaded after import = 1
========================================================================
Received Import Request.
  Time since last request: 0.000023 seconds.
  path: Assets/materials/Architecture textures pack/Bricks red rough/Bricks red rough diffuse.tga
  artifactKey: Guid(45fe78d0a93b9f347abf248f2508b5d0) Importer(2089858483,0ecaa5967403d082aa24f35e1b516d23)
Start importing Assets/materials/Architecture textures pack/Bricks red rough/Bricks red rough diffuse.tga using Guid(45fe78d0a93b9f347abf248f2508b5d0) Importer(2089858483,0ecaa5967403d082aa24f35e1b516d23) Generated GUIDs only implemented for interfaces!
 -> (artifact id: 'bc396c87843b25f25555d70e0d1b40c9') in 0.013952 seconds
Number of updated asset objects reloaded before import = 0
Number of asset objects unloaded after import = 1
========================================================================
Received Import Request.
  Time since last request: 0.000103 seconds.
  path: Assets/Phoenix3D/Textures/Outdoor_Wall_T11/Outdoor_Wall_T11_Height.png
  artifactKey: Guid(19949b018b43de84a8a3a25b94b814d0) Importer(2089858483,0ecaa5967403d082aa24f35e1b516d23)
Start importing Assets/Phoenix3D/Textures/Outdoor_Wall_T11/Outdoor_Wall_T11_Height.png using Guid(19949b018b43de84a8a3a25b94b814d0) Importer(2089858483,0ecaa5967403d082aa24f35e1b516d23) Generated GUIDs only implemented for interfaces!
 -> (artifact id: '253f9bd7d752724b8fd4ad5c21475257') in 0.625162 seconds
Number of updated asset objects reloaded before import = 0
Number of asset objects unloaded after import = 1
========================================================================
Received Import Request.
  Time since last request: 0.000019 seconds.
  path: Assets/Lets Make a VR Game/TerminatorHand/Material/TerminatorPalm.mat
  artifactKey: Guid(82f69d426bfc5bf4abf5e6bcdb3bf2a1) Importer(2089858483,0ecaa5967403d082aa24f35e1b516d23)
Start importing Assets/Lets Make a VR Game/TerminatorHand/Material/TerminatorPalm.mat using Guid(82f69d426bfc5bf4abf5e6bcdb3bf2a1) Importer(2089858483,0ecaa5967403d082aa24f35e1b516d23) Generated GUIDs only implemented for interfaces!
 -> (artifact id: 'aa2cf4c231c1fdf1ac09a3d431f7648f') in 3.849197 seconds
Number of updated asset objects reloaded before import = 0
Number of asset objects unloaded after import = 7
========================================================================
Received Import Request.
  Time since last request: 0.000023 seconds.
  path: Assets/TextMesh Pro/Shaders/TMP_SDF-Surface-Mobile.shader
  artifactKey: Guid(85187c2149c549c5b33f0cdb02836b17) Importer(2089858483,0ecaa5967403d082aa24f35e1b516d23)
Start importing Assets/TextMesh Pro/Shaders/TMP_SDF-Surface-Mobile.shader using Guid(85187c2149c549c5b33f0cdb02836b17) Importer(2089858483,0ecaa5967403d082aa24f35e1b516d23) Generated GUIDs only implemented for interfaces!
 -> (artifact id: 'dc6385b9e29668771aad22036db03aea') in 0.557120 seconds
Number of updated asset objects reloaded before import = 0
Number of asset objects unloaded after import = 1
Editor requested this worker to shutdown with reason: balancing worker count downwards
TcpMessagingSession - receive error: operation aborted. errorcode: 995, details: De I/O-bewerking is afgebroken vanwege het afsluiten van een thread of vanwege een opdracht van een toepassing.
AssetImportWorker is now disconnected from the server
Process exiting
Exiting without the bug reporter. Application will terminate with return code 0