Using pre-set license
Built from '2022.3/staging' branch; Version is '2022.3.11f1 (d00248457e15) revision 13632072'; Using compiler version '192829333'; Build Type 'Release'
OS: 'Windows 11  (10.0.22631) 64bit Core' Language: 'en' Physical Memory: 16051 MB
BatchMode: 1, IsHumanControllingUs: 0, StartBugReporterOnCrash: 0, Is64bit: 1, IsPro: 1

COMMAND LINE ARGUMENTS:
C:\Program Files\Unity\Hub\Editor\2022.3.11f1\Editor\Unity.exe
-adb2
-batchMode
-noUpm
-name
AssetImportWorker0
-projectPath
C:/Users/bernd/OneDrive - AP Hogeschool Antwerpen/School 23-24 semester 1/Mixed Reality/MixedReality3dejaar
-logFile
Logs/AssetImportWorker0.log
-srvPort
61320
Successfully changed project path to: C:/Users/bernd/OneDrive - AP Hogeschool Antwerpen/School 23-24 semester 1/Mixed Reality/MixedReality3dejaar
C:/Users/bernd/OneDrive - AP Hogeschool Antwerpen/School 23-24 semester 1/Mixed Reality/MixedReality3dejaar
[UnityMemory] Configuration Parameters - Can be set up in boot.config
    "memorysetup-bucket-allocator-granularity=16"
    "memorysetup-bucket-allocator-bucket-count=8"
    "memorysetup-bucket-allocator-block-size=33554432"
    "memorysetup-bucket-allocator-block-count=8"
    "memorysetup-main-allocator-block-size=16777216"
    "memorysetup-thread-allocator-block-size=16777216"
    "memorysetup-gfx-main-allocator-block-size=16777216"
    "memorysetup-gfx-thread-allocator-block-size=16777216"
    "memorysetup-cache-allocator-block-size=4194304"
    "memorysetup-typetree-allocator-block-size=2097152"
    "memorysetup-profiler-bucket-allocator-granularity=16"
    "memorysetup-profiler-bucket-allocator-bucket-count=8"
    "memorysetup-profiler-bucket-allocator-block-size=33554432"
    "memorysetup-profiler-bucket-allocator-block-count=8"
    "memorysetup-profiler-allocator-block-size=16777216"
    "memorysetup-profiler-editor-allocator-block-size=1048576"
    "memorysetup-temp-allocator-size-main=16777216"
    "memorysetup-job-temp-allocator-block-size=2097152"
    "memorysetup-job-temp-allocator-block-size-background=1048576"
    "memorysetup-job-temp-allocator-reduction-small-platforms=262144"
    "memorysetup-allocator-temp-initial-block-size-main=262144"
    "memorysetup-allocator-temp-initial-block-size-worker=262144"
    "memorysetup-temp-allocator-size-background-worker=32768"
    "memorysetup-temp-allocator-size-job-worker=262144"
    "memorysetup-temp-allocator-size-preload-manager=33554432"
    "memorysetup-temp-allocator-size-nav-mesh-worker=65536"
    "memorysetup-temp-allocator-size-audio-worker=65536"
    "memorysetup-temp-allocator-size-cloud-worker=32768"
    "memorysetup-temp-allocator-size-gi-baking-worker=262144"
    "memorysetup-temp-allocator-size-gfx=262144"
Player connection [38528] Host "[IP] 192.168.124.1 [Port] 0 [Flags] 2 [Guid] 3893433006 [EditorId] 3893433006 [Version] 1048832 [Id] WindowsEditor(7,LAPTOP-QFMGDNUU) [Debug] 1 [PackageName] WindowsEditor [ProjectName] Editor" joined multi-casting on [225.0.0.222:54997]...

Player connection [38528] Host "[IP] 192.168.124.1 [Port] 0 [Flags] 2 [Guid] 3893433006 [EditorId] 3893433006 [Version] 1048832 [Id] WindowsEditor(7,LAPTOP-QFMGDNUU) [Debug] 1 [PackageName] WindowsEditor [ProjectName] Editor" joined alternative multi-casting on [225.0.0.222:34997]...

[Physics::Module] Initialized MultithreadedJobDispatcher with 19 workers.
Refreshing native plugins compatible for Editor in 31.58 ms, found 12 plugins.
Preloading 1 native plugins for Editor in 0.60 ms.
Initialize engine version: 2022.3.11f1 (d00248457e15)
[Subsystems] Discovering subsystems at path C:/Program Files/Unity/Hub/Editor/2022.3.11f1/Editor/Data/Resources/UnitySubsystems
[Subsystems] Discovering subsystems at path C:/Users/bernd/OneDrive - AP Hogeschool Antwerpen/School 23-24 semester 1/Mixed Reality/MixedReality3dejaar/Assets
GfxDevice: creating device client; threaded=0; jobified=0
Direct3D:
    Version:  Direct3D 11.0 [level 11.1]
    Renderer: NVIDIA GeForce RTX 3060 Laptop GPU (ID=0x2520)
    Vendor:   NVIDIA
    VRAM:     6009 MB
    Driver:   31.0.15.3734
Initialize mono
Mono path[0] = 'C:/Program Files/Unity/Hub/Editor/2022.3.11f1/Editor/Data/Managed'
Mono path[1] = 'C:/Program Files/Unity/Hub/Editor/2022.3.11f1/Editor/Data/MonoBleedingEdge/lib/mono/unityjit-win32'
Mono config path = 'C:/Program Files/Unity/Hub/Editor/2022.3.11f1/Editor/Data/MonoBleedingEdge/etc'
Using monoOptions --debugger-agent=transport=dt_socket,embedding=1,server=y,suspend=n,address=127.0.0.1:56520
Begin MonoManager ReloadAssembly
Registering precompiled unity dll's ...
Register platform support module: C:/Program Files/Unity/Hub/Editor/2022.3.11f1/Editor/Data/PlaybackEngines/AndroidPlayer/UnityEditor.Android.Extensions.dll
Register platform support module: C:/Program Files/Unity/Hub/Editor/2022.3.11f1/Editor/Data/PlaybackEngines/WindowsStandaloneSupport/UnityEditor.WindowsStandalone.Extensions.dll
Registered in 0.007363 seconds.
- Loaded All Assemblies, in  0.335 seconds
Native extension for WindowsStandalone target not found
Native extension for Android target not found
CommandWithNoStdoutInvokationFailure: Unable to start ADB server. Please make sure the Android SDK is installed and is properly configured in the Editor. See the Console for more details.
  at UnityEditor.Android.Command.RunWithShellExecute (System.String command, System.String args, System.String workingdir, System.String errorMsg) [0x00060] in <d10267f7623440f4993bb84654a34a85>:0 
  at UnityEditor.Android.ADB.StartServer () [0x00013] in <d10267f7623440f4993bb84654a34a85>:0 
  at UnityEditor.Android.ADB.Run (System.String[] command, UnityEditor.Android.Command+WaitingForProcessToExit waitingForProcessToExit, System.String errorMsg) [0x0000b] in <d10267f7623440f4993bb84654a34a85>:0 
  at UnityEditor.Android.AndroidDeploymentTargetsExtension.GetKnownTargets (UnityEditor.DeploymentTargets.IDeploymentTargetsMainThreadContext context, UnityEditor.ProgressHandler progressHandler) [0x00284] in <d10267f7623440f4993bb84654a34a85>:0 
  at UnityEditor.Android.TargetScanWorker.ScanSync () [0x00039] in <d10267f7623440f4993bb84654a34a85>:0 
  at UnityEditor.Android.TargetExtension.OnUsbDevicesChanged (UnityEditor.Hardware.UsbDevice[] usbDevices) [0x00081] in <d10267f7623440f4993bb84654a34a85>:0 
  at UnityEditor.Android.TargetExtension.OnLoad () [0x000ad] in <d10267f7623440f4993bb84654a34a85>:0 
  at UnityEditor.Modules.ModuleManager.InitializePlatformSupportModules () [0x0009d] in <9920ff0c944845d7b9f9a61ef1478edc>:0 

Mono: successfully reloaded assembly
- Finished resetting the current domain, in  3.706 seconds
Domain Reload Profiling: 4039ms
	BeginReloadAssembly (128ms)
		ExecutionOrderSort (0ms)
		DisableScriptedObjects (0ms)
		BackupInstance (0ms)
		ReleaseScriptingObjects (0ms)
		CreateAndSetChildDomain (2ms)
	RebuildCommonClasses (30ms)
	RebuildNativeTypeToScriptingClass (8ms)
	initialDomainReloadingComplete (50ms)
	LoadAllAssembliesAndSetupDomain (117ms)
		LoadAssemblies (124ms)
		RebuildTransferFunctionScriptingTraits (0ms)
		AnalyzeDomain (115ms)
			TypeCache.Refresh (114ms)
				TypeCache.ScanAssembly (103ms)
			ScanForSourceGeneratedMonoScriptInfo (0ms)
			ResolveRequiredComponents (0ms)
	FinalizeReload (3706ms)
		ReleaseScriptCaches (0ms)
		RebuildScriptCaches (0ms)
		SetupLoadedEditorAssemblies (3657ms)
			LogAssemblyErrors (0ms)
			InitializePlatformSupportModulesInManaged (3543ms)
			SetLoadedEditorAssemblies (4ms)
			RefreshPlugins (0ms)
			BeforeProcessingInitializeOnLoad (3ms)
			ProcessInitializeOnLoadAttributes (72ms)
			ProcessInitializeOnLoadMethodAttributes (35ms)
			AfterProcessingInitializeOnLoad (0ms)
			EditorAssembliesLoaded (0ms)
		ExecutionOrderSort2 (0ms)
		AwakeInstancesAfterBackupRestoration (0ms)
========================================================================
Worker process is ready to serve import requests
Begin MonoManager ReloadAssembly
- Loaded All Assemblies, in  0.680 seconds
Refreshing native plugins compatible for Editor in 13.51 ms, found 12 plugins.
Native extension for WindowsStandalone target not found
Native extension for Android target not found
Package Manager log level set to [2]
[Package Manager] Server::EnsureServerProcessIsRunning -- launch failed, reason: Unity was launched with the -noUpm command-line argument
[Package Manager] UpmClient::Send -- Unable to send message (not connected to UPM process).
[Package Manager] Cannot connect to Unity Package Manager local server
[Package Manager] Server::EnsureServerProcessIsRunning -- launch failed, reason: Unity was launched with the -noUpm command-line argument
[Package Manager] UpmClient::Send -- Unable to send message (not connected to UPM process).
[Package Manager] Cannot connect to Unity Package Manager local server
System.Reflection.TargetInvocationException: Exception has been thrown by the target of an invocation. ---> System.NullReferenceException: Object reference not set to an instance of an object
  at Unity.XR.Oculus.OculusLoader.AssetPathToAbsolutePath (System.String assetPath) [0x0003d] in .\Library\PackageCache\com.unity.xr.oculus@4.1.1\Runtime\OculusLoader.cs:287 
  at Unity.XR.Oculus.OculusLoader.EditorLoadOVRPlugin () [0x00084] in .\Library\PackageCache\com.unity.xr.oculus@4.1.1\Runtime\OculusLoader.cs:272 
  at (wrapper managed-to-native) System.Reflection.RuntimeMethodInfo.InternalInvoke(System.Reflection.RuntimeMethodInfo,object,object[],System.Exception&)
  at System.Reflection.RuntimeMethodInfo.Invoke (System.Object obj, System.Reflection.BindingFlags invokeAttr, System.Reflection.Binder binder, System.Object[] parameters, System.Globalization.CultureInfo culture) [0x0006a] in <834b2ded5dad441e8c7a4287897d63c7>:0 
   --- End of inner exception stack trace ---
  at System.Reflection.RuntimeMethodInfo.Invoke (System.Object obj, System.Reflection.BindingFlags invokeAttr, System.Reflection.Binder binder, System.Object[] parameters, System.Globalization.CultureInfo culture) [0x00083] in <834b2ded5dad441e8c7a4287897d63c7>:0 
  at System.Reflection.MethodBase.Invoke (System.Object obj, System.Object[] parameters) [0x00000] in <834b2ded5dad441e8c7a4287897d63c7>:0 
  at UnityEditor.EditorAssemblies.ProcessInitializeOnLoadMethodAttributes () [0x000a5] in <9920ff0c944845d7b9f9a61ef1478edc>:0 
UnityEngine.StackTraceUtility:ExtractStackTrace ()
UnityEngine.DebugLogHandler:LogFormat (UnityEngine.LogType,UnityEngine.Object,string,object[])
UnityEngine.Logger:Log (UnityEngine.LogType,object)
UnityEngine.Debug:LogError (object)
UnityEditor.EditorAssemblies:ProcessInitializeOnLoadMethodAttributes ()

Mono: successfully reloaded assembly
[Package Manager] Server::EnsureServerProcessIsRunning -- launch failed, reason: Unity was launched with the -noUpm command-line argument
[Package Manager] UpmClient::Send -- Unable to send message (not connected to UPM process).
[Package Manager] Cannot connect to Unity Package Manager local server
[Package Manager] Server::EnsureServerProcessIsRunning -- launch failed, reason: Unity was launched with the -noUpm command-line argument
[Package Manager] UpmClient::Send -- Unable to send message (not connected to UPM process).
[Package Manager] Cannot connect to Unity Package Manager local server
- Finished resetting the current domain, in  0.668 seconds
Domain Reload Profiling: 1343ms
	BeginReloadAssembly (126ms)
		ExecutionOrderSort (0ms)
		DisableScriptedObjects (6ms)
		BackupInstance (0ms)
		ReleaseScriptingObjects (0ms)
		CreateAndSetChildDomain (18ms)
	RebuildCommonClasses (25ms)
	RebuildNativeTypeToScriptingClass (7ms)
	initialDomainReloadingComplete (36ms)
	LoadAllAssembliesAndSetupDomain (481ms)
		LoadAssemblies (322ms)
		RebuildTransferFunctionScriptingTraits (0ms)
		AnalyzeDomain (230ms)
			TypeCache.Refresh (186ms)
				TypeCache.ScanAssembly (167ms)
			ScanForSourceGeneratedMonoScriptInfo (25ms)
			ResolveRequiredComponents (18ms)
	FinalizeReload (668ms)
		ReleaseScriptCaches (0ms)
		RebuildScriptCaches (0ms)
		SetupLoadedEditorAssemblies (520ms)
			LogAssemblyErrors (0ms)
			InitializePlatformSupportModulesInManaged (38ms)
			SetLoadedEditorAssemblies (4ms)
			RefreshPlugins (0ms)
			BeforeProcessingInitializeOnLoad (76ms)
			ProcessInitializeOnLoadAttributes (306ms)
			ProcessInitializeOnLoadMethodAttributes (90ms)
			AfterProcessingInitializeOnLoad (6ms)
			EditorAssembliesLoaded (0ms)
		ExecutionOrderSort2 (0ms)
		AwakeInstancesAfterBackupRestoration (4ms)
Launched and connected shader compiler UnityShaderCompiler.exe after 0.03 seconds
Refreshing native plugins compatible for Editor in 12.51 ms, found 12 plugins.
Preloading 1 native plugins for Editor in 0.06 ms.
Unloading 6493 Unused Serialized files (Serialized files now loaded: 0)
Unloading 120 unused Assets / (1.6 MB). Loaded Objects now: 6972.
Memory consumption went from 256.7 MB to 255.1 MB.
Total: 4.010100 ms (FindLiveObjects: 0.384100 ms CreateObjectMapping: 0.305500 ms MarkObjects: 2.958400 ms  DeleteObjects: 0.361000 ms)

AssetImportParameters requested are different than current active one (requested -> active):
  custom:container-demuxer-ogg: 62fdf1f143b41e24485cea50d1cbac27 -> 
  custom:framework-win-MediaFoundation: 216162199b28c13a410421893ffa2e32 -> 
  custom:container-muxer-webm: aa71ff27fc2769a1b78a27578f13a17b -> 
  custom:video-decoder-webm-vp8: 9c59270c3fd7afecdb556c50c9e8de78 -> 
  custom:SearchIndexIgnoredProperties: e643bd26f0fe6173181afceb89e7c659 -> 
  custom:AudioImporter_EditorPlatform: d09bf68614088b80899f8185d706f6e7 -> 
  custom:audio-decoder-ogg-vorbis: bf7c407c2cedff20999df2af8eb42d56 -> 
  custom:audio-encoder-webm-vorbis: bf7c407c2cedff20999df2af8eb42d56 -> 
  custom:video-codec-MediaFoundation-h265: 746d11721c4dcdbdad8f713fa42b33f4 -> 
  custom:video-decoder-ogg-theora: a1e56fd34408186e4bbccfd4996cb3dc -> 
  custom:CustomObjectIndexerAttribute: d54d2f2da18e7612c182cf67624b6b12 -> 
  custom:container-demuxer-webm: 4f35f7cbe854078d1ac9338744f61a02 -> 
  custom:video-encoder-webm-vp8: eb34c28f22e8b96e1ab97ce403110664 -> 
========================================================================
Received Import Request.
  Time since last request: 112176.755779 seconds.
  path: Assets/Azerilo/Demo Floor
  artifactKey: Guid(4b70c32d4e3000348a3a0e0bbea2f410) Importer(815301076,1909f56bfc062723c751e8b465ee728b)
Start importing Assets/Azerilo/Demo Floor using Guid(4b70c32d4e3000348a3a0e0bbea2f410) Importer(815301076,1909f56bfc062723c751e8b465ee728b)  -> (artifact id: 'df02c9d7aef9f0accdae7aefb371c759') in 0.003036 seconds
Number of updated asset objects reloaded before import = 0
Number of asset objects unloaded after import = 0
========================================================================
Received Import Request.
  Time since last request: 9.243304 seconds.
  path: Assets/Bookshelf/bookshelf.unity
  artifactKey: Guid(dffec349c69d07d45a65f1e1b59227e7) Importer(815301076,1909f56bfc062723c751e8b465ee728b)
Start importing Assets/Bookshelf/bookshelf.unity using Guid(dffec349c69d07d45a65f1e1b59227e7) Importer(815301076,1909f56bfc062723c751e8b465ee728b)  -> (artifact id: 'a5d8a2657423e9b6d505f059b273cf71') in 0.001987 seconds
Number of updated asset objects reloaded before import = 0
Number of asset objects unloaded after import = 0
========================================================================
Received Import Request.
  Time since last request: 15.985925 seconds.
  path: Assets/Phoenix3D/Demo
  artifactKey: Guid(62daba834cddad04f9856c1762d1eee7) Importer(815301076,1909f56bfc062723c751e8b465ee728b)
Start importing Assets/Phoenix3D/Demo using Guid(62daba834cddad04f9856c1762d1eee7) Importer(815301076,1909f56bfc062723c751e8b465ee728b)  -> (artifact id: '684db1baee381bc38d953a6d2cb7cb7e') in 0.001438 seconds
Number of updated asset objects reloaded before import = 0
Number of asset objects unloaded after import = 0
========================================================================
Received Import Request.
  Time since last request: 1.571492 seconds.
  path: Assets/Phoenix3D/Demo/Scenes
  artifactKey: Guid(100bff5d6eede2e42a8f8196b6810656) Importer(815301076,1909f56bfc062723c751e8b465ee728b)
Start importing Assets/Phoenix3D/Demo/Scenes using Guid(100bff5d6eede2e42a8f8196b6810656) Importer(815301076,1909f56bfc062723c751e8b465ee728b)  -> (artifact id: '72af0ac95f72258361bc0b4af23bdc95') in 0.010873 seconds
Number of updated asset objects reloaded before import = 0
Number of asset objects unloaded after import = 0
========================================================================
Received Import Request.
  Time since last request: 144.573412 seconds.
  path: Assets/materials/Dark sky.mat
  artifactKey: Guid(840e5f2b13a700b46a2e4934d028b5b7) Importer(815301076,1909f56bfc062723c751e8b465ee728b)
Start importing Assets/materials/Dark sky.mat using Guid(840e5f2b13a700b46a2e4934d028b5b7) Importer(815301076,1909f56bfc062723c751e8b465ee728b)  -> (artifact id: '2e955b13c4630988aaf9aafe7b233b8f') in 0.252406 seconds
Number of updated asset objects reloaded before import = 0
Number of asset objects unloaded after import = 2
========================================================================
Received Import Request.
  Time since last request: 90.118415 seconds.
  path: Assets/materials/Dark sky.mat
  artifactKey: Guid(840e5f2b13a700b46a2e4934d028b5b7) Importer(815301076,1909f56bfc062723c751e8b465ee728b)
Start importing Assets/materials/Dark sky.mat using Guid(840e5f2b13a700b46a2e4934d028b5b7) Importer(815301076,1909f56bfc062723c751e8b465ee728b)  -> (artifact id: '7226ed7d7a6328072ad8eaf5def74177') in 0.021078 seconds
Number of updated asset objects reloaded before import = 0
Number of asset objects unloaded after import = 2
========================================================================
Received Import Request.
  Time since last request: 17.784180 seconds.
  path: Assets/Scenes/WriterRoom.unity
  artifactKey: Guid(9944f2423e0424c4380b231a27ac871a) Importer(815301076,1909f56bfc062723c751e8b465ee728b)
Start importing Assets/Scenes/WriterRoom.unity using Guid(9944f2423e0424c4380b231a27ac871a) Importer(815301076,1909f56bfc062723c751e8b465ee728b)  -> (artifact id: 'b139fdbf7f8cd3dc37894db95a750d0f') in 0.000564 seconds
Number of updated asset objects reloaded before import = 0
Number of asset objects unloaded after import = 0
========================================================================
Received Import Request.
  Time since last request: 347.247960 seconds.
  path: Assets/Scenes/WriterRoom.unity
  artifactKey: Guid(9944f2423e0424c4380b231a27ac871a) Importer(815301076,1909f56bfc062723c751e8b465ee728b)
Start importing Assets/Scenes/WriterRoom.unity using Guid(9944f2423e0424c4380b231a27ac871a) Importer(815301076,1909f56bfc062723c751e8b465ee728b)  -> (artifact id: 'a8e24b8c72573b5087374a33b762dd9d') in 0.001153 seconds
Number of updated asset objects reloaded before import = 0
Number of asset objects unloaded after import = 0
========================================================================
Received Import Request.
  Time since last request: 1071.036593 seconds.
  path: Assets/materials/New Material.mat
  artifactKey: Guid(3086e59357aecd74cac3436b3ec72ea5) Importer(815301076,1909f56bfc062723c751e8b465ee728b)
Start importing Assets/materials/New Material.mat using Guid(3086e59357aecd74cac3436b3ec72ea5) Importer(815301076,1909f56bfc062723c751e8b465ee728b)  -> (artifact id: '2dcec3ce3f624bdd3d0dca6bea95aab0') in 0.027218 seconds
Number of updated asset objects reloaded before import = 0
Number of asset objects unloaded after import = 2
========================================================================
Received Import Request.
  Time since last request: 9.471148 seconds.
  path: Assets/materials/DarkSky.mat
  artifactKey: Guid(3086e59357aecd74cac3436b3ec72ea5) Importer(815301076,1909f56bfc062723c751e8b465ee728b)
Start importing Assets/materials/DarkSky.mat using Guid(3086e59357aecd74cac3436b3ec72ea5) Importer(815301076,1909f56bfc062723c751e8b465ee728b)  -> (artifact id: 'fd6ce91f2750d64125955998f6de155c') in 0.024502 seconds
Number of updated asset objects reloaded before import = 0
Number of asset objects unloaded after import = 2
========================================================================
Received Import Request.
  Time since last request: 51.062414 seconds.
  path: Assets/materials/DarkSky.mat
  artifactKey: Guid(3086e59357aecd74cac3436b3ec72ea5) Importer(815301076,1909f56bfc062723c751e8b465ee728b)
Start importing Assets/materials/DarkSky.mat using Guid(3086e59357aecd74cac3436b3ec72ea5) Importer(815301076,1909f56bfc062723c751e8b465ee728b)  -> (artifact id: 'd87d6d6d24c4a9eb747869afd5132c59') in 0.016064 seconds
Number of updated asset objects reloaded before import = 0
Number of asset objects unloaded after import = 2
