Using pre-set license
Built from '2022.3/staging' branch; Version is '2022.3.11f1 (d00248457e15) revision 13632072'; Using compiler version '192829333'; Build Type 'Release'
OS: 'Windows 11  (10.0.22621) 64bit Core' Language: 'nl' Physical Memory: 16251 MB
BatchMode: 1, IsHumanControllingUs: 0, StartBugReporterOnCrash: 0, Is64bit: 1, IsPro: 1

COMMAND LINE ARGUMENTS:
D:\UnityInstallation\2022.3.11f1\Editor\Unity.exe
-adb2
-batchMode
-noUpm
-name
AssetImportWorker2
-projectPath
D:/school/3dejaarSemester1/MixedRealityProject/MixedReality3dejaar
-logFile
Logs/AssetImportWorker2.log
-srvPort
50152
Successfully changed project path to: D:/school/3dejaarSemester1/MixedRealityProject/MixedReality3dejaar
D:/school/3dejaarSemester1/MixedRealityProject/MixedReality3dejaar
[UnityMemory] Configuration Parameters - Can be set up in boot.config
    "memorysetup-bucket-allocator-granularity=16"
    "memorysetup-bucket-allocator-bucket-count=8"
    "memorysetup-bucket-allocator-block-size=33554432"
    "memorysetup-bucket-allocator-block-count=8"
    "memorysetup-main-allocator-block-size=16777216"
    "memorysetup-thread-allocator-block-size=16777216"
    "memorysetup-gfx-main-allocator-block-size=16777216"
    "memorysetup-gfx-thread-allocator-block-size=16777216"
    "memorysetup-cache-allocator-block-size=4194304"
    "memorysetup-typetree-allocator-block-size=2097152"
    "memorysetup-profiler-bucket-allocator-granularity=16"
    "memorysetup-profiler-bucket-allocator-bucket-count=8"
    "memorysetup-profiler-bucket-allocator-block-size=33554432"
    "memorysetup-profiler-bucket-allocator-block-count=8"
    "memorysetup-profiler-allocator-block-size=16777216"
    "memorysetup-profiler-editor-allocator-block-size=1048576"
    "memorysetup-temp-allocator-size-main=16777216"
    "memorysetup-job-temp-allocator-block-size=2097152"
    "memorysetup-job-temp-allocator-block-size-background=1048576"
    "memorysetup-job-temp-allocator-reduction-small-platforms=262144"
    "memorysetup-allocator-temp-initial-block-size-main=262144"
    "memorysetup-allocator-temp-initial-block-size-worker=262144"
    "memorysetup-temp-allocator-size-background-worker=32768"
    "memorysetup-temp-allocator-size-job-worker=262144"
    "memorysetup-temp-allocator-size-preload-manager=33554432"
    "memorysetup-temp-allocator-size-nav-mesh-worker=65536"
    "memorysetup-temp-allocator-size-audio-worker=65536"
    "memorysetup-temp-allocator-size-cloud-worker=32768"
    "memorysetup-temp-allocator-size-gi-baking-worker=262144"
    "memorysetup-temp-allocator-size-gfx=262144"
Player connection [10972] Host "[IP] 172.16.195.215 [Port] 0 [Flags] 2 [Guid] 983918911 [EditorId] 983918911 [Version] 1048832 [Id] WindowsEditor(7,LAPTOP-A2EF854G) [Debug] 1 [PackageName] WindowsEditor [ProjectName] Editor" joined multi-casting on [225.0.0.222:54997]...

Player connection [10972] Host "[IP] 172.16.195.215 [Port] 0 [Flags] 2 [Guid] 983918911 [EditorId] 983918911 [Version] 1048832 [Id] WindowsEditor(7,LAPTOP-A2EF854G) [Debug] 1 [PackageName] WindowsEditor [ProjectName] Editor" joined alternative multi-casting on [225.0.0.222:34997]...

[Physics::Module] Initialized MultithreadedJobDispatcher with 11 workers.
Refreshing native plugins compatible for Editor in 21.25 ms, found 12 plugins.
Preloading 1 native plugins for Editor in 0.58 ms.
Initialize engine version: 2022.3.11f1 (d00248457e15)
[Subsystems] Discovering subsystems at path D:/UnityInstallation/2022.3.11f1/Editor/Data/Resources/UnitySubsystems
[Subsystems] Discovering subsystems at path D:/school/3dejaarSemester1/MixedRealityProject/MixedReality3dejaar/Assets
GfxDevice: creating device client; threaded=0; jobified=0
Direct3D:
    Version:  Direct3D 11.0 [level 11.1]
    Renderer: NVIDIA GeForce GTX 1650 Ti (ID=0x1f95)
    Vendor:   NVIDIA
    VRAM:     3962 MB
    Driver:   31.0.15.1640
Initialize mono
Mono path[0] = 'D:/UnityInstallation/2022.3.11f1/Editor/Data/Managed'
Mono path[1] = 'D:/UnityInstallation/2022.3.11f1/Editor/Data/MonoBleedingEdge/lib/mono/unityjit-win32'
Mono config path = 'D:/UnityInstallation/2022.3.11f1/Editor/Data/MonoBleedingEdge/etc'
Using monoOptions --debugger-agent=transport=dt_socket,embedding=1,server=y,suspend=n,address=127.0.0.1:56444
Begin MonoManager ReloadAssembly
Registering precompiled unity dll's ...
Register platform support module: D:/UnityInstallation/2022.3.11f1/Editor/Data/PlaybackEngines/AndroidPlayer/UnityEditor.Android.Extensions.dll
Register platform support module: D:/UnityInstallation/2022.3.11f1/Editor/Data/PlaybackEngines/WindowsStandaloneSupport/UnityEditor.WindowsStandalone.Extensions.dll
Registered in 0.003469 seconds.
- Loaded All Assemblies, in  0.320 seconds
Native extension for WindowsStandalone target not found
Native extension for Android target not found
Android Extension - Scanning For ADB Devices 246 ms
Mono: successfully reloaded assembly
- Finished resetting the current domain, in  0.541 seconds
Domain Reload Profiling: 861ms
	BeginReloadAssembly (109ms)
		ExecutionOrderSort (0ms)
		DisableScriptedObjects (0ms)
		BackupInstance (0ms)
		ReleaseScriptingObjects (0ms)
		CreateAndSetChildDomain (1ms)
	RebuildCommonClasses (31ms)
	RebuildNativeTypeToScriptingClass (10ms)
	initialDomainReloadingComplete (42ms)
	LoadAllAssembliesAndSetupDomain (127ms)
		LoadAssemblies (109ms)
		RebuildTransferFunctionScriptingTraits (0ms)
		AnalyzeDomain (125ms)
			TypeCache.Refresh (124ms)
				TypeCache.ScanAssembly (111ms)
			ScanForSourceGeneratedMonoScriptInfo (0ms)
			ResolveRequiredComponents (0ms)
	FinalizeReload (541ms)
		ReleaseScriptCaches (0ms)
		RebuildScriptCaches (0ms)
		SetupLoadedEditorAssemblies (489ms)
			LogAssemblyErrors (0ms)
			InitializePlatformSupportModulesInManaged (354ms)
			SetLoadedEditorAssemblies (4ms)
			RefreshPlugins (0ms)
			BeforeProcessingInitializeOnLoad (2ms)
			ProcessInitializeOnLoadAttributes (89ms)
			ProcessInitializeOnLoadMethodAttributes (41ms)
			AfterProcessingInitializeOnLoad (0ms)
			EditorAssembliesLoaded (0ms)
		ExecutionOrderSort2 (0ms)
		AwakeInstancesAfterBackupRestoration (0ms)
========================================================================
Worker process is ready to serve import requests
Begin MonoManager ReloadAssembly
- Loaded All Assemblies, in  0.706 seconds
Refreshing native plugins compatible for Editor in 12.01 ms, found 12 plugins.
Native extension for WindowsStandalone target not found
Native extension for Android target not found
Package Manager log level set to [2]
[Package Manager] Server::EnsureServerProcessIsRunning -- launch failed, reason: Unity was launched with the -noUpm command-line argument
[Package Manager] UpmClient::Send -- Unable to send message (not connected to UPM process).
[Package Manager] Cannot connect to Unity Package Manager local server
[Package Manager] Server::EnsureServerProcessIsRunning -- launch failed, reason: Unity was launched with the -noUpm command-line argument
[Package Manager] UpmClient::Send -- Unable to send message (not connected to UPM process).
[Package Manager] Cannot connect to Unity Package Manager local server
System.Reflection.TargetInvocationException: Exception has been thrown by the target of an invocation. ---> System.NullReferenceException: Object reference not set to an instance of an object
  at Unity.XR.Oculus.OculusLoader.AssetPathToAbsolutePath (System.String assetPath) [0x0003d] in .\Library\PackageCache\com.unity.xr.oculus@4.1.1\Runtime\OculusLoader.cs:287 
  at Unity.XR.Oculus.OculusLoader.EditorLoadOVRPlugin () [0x00084] in .\Library\PackageCache\com.unity.xr.oculus@4.1.1\Runtime\OculusLoader.cs:272 
  at (wrapper managed-to-native) System.Reflection.RuntimeMethodInfo.InternalInvoke(System.Reflection.RuntimeMethodInfo,object,object[],System.Exception&)
  at System.Reflection.RuntimeMethodInfo.Invoke (System.Object obj, System.Reflection.BindingFlags invokeAttr, System.Reflection.Binder binder, System.Object[] parameters, System.Globalization.CultureInfo culture) [0x0006a] in <834b2ded5dad441e8c7a4287897d63c7>:0 
   --- End of inner exception stack trace ---
  at System.Reflection.RuntimeMethodInfo.Invoke (System.Object obj, System.Reflection.BindingFlags invokeAttr, System.Reflection.Binder binder, System.Object[] parameters, System.Globalization.CultureInfo culture) [0x00083] in <834b2ded5dad441e8c7a4287897d63c7>:0 
  at System.Reflection.MethodBase.Invoke (System.Object obj, System.Object[] parameters) [0x00000] in <834b2ded5dad441e8c7a4287897d63c7>:0 
  at UnityEditor.EditorAssemblies.ProcessInitializeOnLoadMethodAttributes () [0x000a5] in <9920ff0c944845d7b9f9a61ef1478edc>:0 
UnityEngine.StackTraceUtility:ExtractStackTrace ()
UnityEngine.DebugLogHandler:LogFormat (UnityEngine.LogType,UnityEngine.Object,string,object[])
UnityEngine.Logger:Log (UnityEngine.LogType,object)
UnityEngine.Debug:LogError (object)
UnityEditor.EditorAssemblies:ProcessInitializeOnLoadMethodAttributes ()

Mono: successfully reloaded assembly
[Package Manager] Server::EnsureServerProcessIsRunning -- launch failed, reason: Unity was launched with the -noUpm command-line argument
[Package Manager] UpmClient::Send -- Unable to send message (not connected to UPM process).
[Package Manager] Cannot connect to Unity Package Manager local server
[Package Manager] Server::EnsureServerProcessIsRunning -- launch failed, reason: Unity was launched with the -noUpm command-line argument
[Package Manager] UpmClient::Send -- Unable to send message (not connected to UPM process).
[Package Manager] Cannot connect to Unity Package Manager local server
- Finished resetting the current domain, in  0.855 seconds
Domain Reload Profiling: 1561ms
	BeginReloadAssembly (140ms)
		ExecutionOrderSort (0ms)
		DisableScriptedObjects (5ms)
		BackupInstance (0ms)
		ReleaseScriptingObjects (0ms)
		CreateAndSetChildDomain (19ms)
	RebuildCommonClasses (29ms)
	RebuildNativeTypeToScriptingClass (10ms)
	initialDomainReloadingComplete (34ms)
	LoadAllAssembliesAndSetupDomain (492ms)
		LoadAssemblies (313ms)
		RebuildTransferFunctionScriptingTraits (0ms)
		AnalyzeDomain (267ms)
			TypeCache.Refresh (226ms)
				TypeCache.ScanAssembly (207ms)
			ScanForSourceGeneratedMonoScriptInfo (29ms)
			ResolveRequiredComponents (12ms)
	FinalizeReload (855ms)
		ReleaseScriptCaches (0ms)
		RebuildScriptCaches (0ms)
		SetupLoadedEditorAssemblies (662ms)
			LogAssemblyErrors (0ms)
			InitializePlatformSupportModulesInManaged (20ms)
			SetLoadedEditorAssemblies (5ms)
			RefreshPlugins (0ms)
			BeforeProcessingInitializeOnLoad (82ms)
			ProcessInitializeOnLoadAttributes (450ms)
			ProcessInitializeOnLoadMethodAttributes (102ms)
			AfterProcessingInitializeOnLoad (3ms)
			EditorAssembliesLoaded (0ms)
		ExecutionOrderSort2 (0ms)
		AwakeInstancesAfterBackupRestoration (7ms)
Launched and connected shader compiler UnityShaderCompiler.exe after 0.04 seconds
Refreshing native plugins compatible for Editor in 13.12 ms, found 12 plugins.
Preloading 1 native plugins for Editor in 0.05 ms.
Unloading 6492 Unused Serialized files (Serialized files now loaded: 0)
Unloading 120 unused Assets / (1.6 MB). Loaded Objects now: 6967.
Memory consumption went from 255.2 MB to 253.6 MB.
Total: 4.885600 ms (FindLiveObjects: 0.615200 ms CreateObjectMapping: 0.699800 ms MarkObjects: 3.124200 ms  DeleteObjects: 0.445200 ms)

AssetImportParameters requested are different than current active one (requested -> active):
  custom:container-demuxer-ogg: 62fdf1f143b41e24485cea50d1cbac27 -> 
  custom:framework-win-MediaFoundation: 216162199b28c13a410421893ffa2e32 -> 
  custom:container-muxer-webm: aa71ff27fc2769a1b78a27578f13a17b -> 
  custom:video-decoder-webm-vp8: 9c59270c3fd7afecdb556c50c9e8de78 -> 
  custom:SearchIndexIgnoredProperties: e643bd26f0fe6173181afceb89e7c659 -> 
  custom:AudioImporter_EditorPlatform: d09bf68614088b80899f8185d706f6e7 -> 
  custom:audio-decoder-ogg-vorbis: bf7c407c2cedff20999df2af8eb42d56 -> 
  custom:audio-encoder-webm-vorbis: bf7c407c2cedff20999df2af8eb42d56 -> 
  custom:video-codec-MediaFoundation-h265: 746d11721c4dcdbdad8f713fa42b33f4 -> 
  custom:video-decoder-ogg-theora: a1e56fd34408186e4bbccfd4996cb3dc -> 
  custom:CustomObjectIndexerAttribute: d54d2f2da18e7612c182cf67624b6b12 -> 
  custom:container-demuxer-webm: 4f35f7cbe854078d1ac9338744f61a02 -> 
  custom:video-encoder-webm-vp8: eb34c28f22e8b96e1ab97ce403110664 -> 
========================================================================
Received Import Request.
  Time since last request: 2046.784686 seconds.
  path: Assets/Georgian, by Tokyo Liu/Materials and textures/white legs/white legs.mat
  artifactKey: Guid(0ba9382fd023c59449f56247b91a78b0) Importer(815301076,1909f56bfc062723c751e8b465ee728b)
Start importing Assets/Georgian, by Tokyo Liu/Materials and textures/white legs/white legs.mat using Guid(0ba9382fd023c59449f56247b91a78b0) Importer(815301076,1909f56bfc062723c751e8b465ee728b)  -> (artifact id: 'a39c31ef3f4baa01072e23ade41029ad') in 2.918147 seconds
Number of updated asset objects reloaded before import = 0
Number of asset objects unloaded after import = 7
========================================================================
Received Import Request.
  Time since last request: 0.000024 seconds.
  path: Assets/JJ_InteriorDoorPack_V1/Materials/mat_door3_white.mat
  artifactKey: Guid(2f91f9b6c519c5844b10ff61c9401ece) Importer(815301076,1909f56bfc062723c751e8b465ee728b)
Start importing Assets/JJ_InteriorDoorPack_V1/Materials/mat_door3_white.mat using Guid(2f91f9b6c519c5844b10ff61c9401ece) Importer(815301076,1909f56bfc062723c751e8b465ee728b)  -> (artifact id: '8792522868e854c8a0b22beef15b363a') in 1.338381 seconds
Number of updated asset objects reloaded before import = 0
Number of asset objects unloaded after import = 5
========================================================================
Received Import Request.
  Time since last request: 0.000036 seconds.
  path: Assets/philippeassets/Hovl Studio/Magic effects pack/Materials/Smoke26.mat
  artifactKey: Guid(616a777eb757ff14c82a79feeb35d9b1) Importer(815301076,1909f56bfc062723c751e8b465ee728b)
Start importing Assets/philippeassets/Hovl Studio/Magic effects pack/Materials/Smoke26.mat using Guid(616a777eb757ff14c82a79feeb35d9b1) Importer(815301076,1909f56bfc062723c751e8b465ee728b)  -> (artifact id: '30b83c5e17c946e8a73b764044aa0c79') in 0.513979 seconds
Number of updated asset objects reloaded before import = 0
Number of asset objects unloaded after import = 3
========================================================================
Received Import Request.
  Time since last request: 0.000026 seconds.
  path: Assets/Azerilo/Free Rug Pack/Material/Material3.mat
  artifactKey: Guid(bec706126ee43674b8032c91f2ae69d3) Importer(815301076,1909f56bfc062723c751e8b465ee728b)
Start importing Assets/Azerilo/Free Rug Pack/Material/Material3.mat using Guid(bec706126ee43674b8032c91f2ae69d3) Importer(815301076,1909f56bfc062723c751e8b465ee728b)  -> (artifact id: '69671bdbeb329ee15574866630c5eb2c') in 0.191037 seconds
Number of updated asset objects reloaded before import = 0
Number of asset objects unloaded after import = 3
========================================================================
Received Import Request.
  Time since last request: 0.000026 seconds.
  path: Assets/Lets Make a VR Game/UI 3D Examples/UI_3D/Materials/MediumGrey.mat
  artifactKey: Guid(dc1d2c50d7463b847ba30ff50e1959b3) Importer(815301076,1909f56bfc062723c751e8b465ee728b)
Start importing Assets/Lets Make a VR Game/UI 3D Examples/UI_3D/Materials/MediumGrey.mat using Guid(dc1d2c50d7463b847ba30ff50e1959b3) Importer(815301076,1909f56bfc062723c751e8b465ee728b)  -> (artifact id: 'c74fc8423377d8ab10716c1fcc7a1050') in 0.011917 seconds
Number of updated asset objects reloaded before import = 0
Number of asset objects unloaded after import = 2
========================================================================
Received Import Request.
  Time since last request: 0.000036 seconds.
  path: Assets/Lets Make a VR Game/Models/sci-fi_pistol_low.fbx
  artifactKey: Guid(73b3ec5bafa417b418258d1711419c08) Importer(815301076,1909f56bfc062723c751e8b465ee728b)
Start importing Assets/Lets Make a VR Game/Models/sci-fi_pistol_low.fbx using Guid(73b3ec5bafa417b418258d1711419c08) Importer(815301076,1909f56bfc062723c751e8b465ee728b)  -> (artifact id: '8024a4c84fcb74b4e9ae1cb1293dce4f') in 0.653547 seconds
Number of updated asset objects reloaded before import = 0
Number of asset objects unloaded after import = 31
========================================================================
Received Import Request.
  Time since last request: 0.000035 seconds.
  path: Assets/materials/Wooden floor/Wooden floor 10/Wooden floor 10.mat
  artifactKey: Guid(1db0e90b9a3b07943b75591b4e452a96) Importer(815301076,1909f56bfc062723c751e8b465ee728b)
Start importing Assets/materials/Wooden floor/Wooden floor 10/Wooden floor 10.mat using Guid(1db0e90b9a3b07943b75591b4e452a96) Importer(815301076,1909f56bfc062723c751e8b465ee728b)  -> (artifact id: '10c5557ba01e9092ac6fe8f278a3265c') in 0.540331 seconds
Number of updated asset objects reloaded before import = 0
Number of asset objects unloaded after import = 4
========================================================================
Received Import Request.
  Time since last request: 0.000041 seconds.
  path: Assets/philippeassets/Hovl Studio/Magic effects pack/Materials/Star.mat
  artifactKey: Guid(f7fb42690dbaf0d408f1f55ea89b7be8) Importer(815301076,1909f56bfc062723c751e8b465ee728b)
Start importing Assets/philippeassets/Hovl Studio/Magic effects pack/Materials/Star.mat using Guid(f7fb42690dbaf0d408f1f55ea89b7be8) Importer(815301076,1909f56bfc062723c751e8b465ee728b)  -> (artifact id: '5e3fc5c52e63a99835118281b8b0a54c') in 0.475665 seconds
Number of updated asset objects reloaded before import = 0
Number of asset objects unloaded after import = 3
========================================================================
Received Import Request.
  Time since last request: 0.000070 seconds.
  path: Assets/Phoenix3D/Materials/Outdoor_Wall_T04.mat
  artifactKey: Guid(ea349c75f9ba79e4d94ba08f60989345) Importer(815301076,1909f56bfc062723c751e8b465ee728b)
Start importing Assets/Phoenix3D/Materials/Outdoor_Wall_T04.mat using Guid(ea349c75f9ba79e4d94ba08f60989345) Importer(815301076,1909f56bfc062723c751e8b465ee728b)  -> (artifact id: '464336f8d4131ef0c86921f2329fd7f6') in 2.135742 seconds
Number of updated asset objects reloaded before import = 0
Number of asset objects unloaded after import = 6
========================================================================
Received Import Request.
  Time since last request: 0.000032 seconds.
  path: Assets/Phoenix3D/Materials/Sample.mat
  artifactKey: Guid(a399c919b73d77f4994532ac08599770) Importer(815301076,1909f56bfc062723c751e8b465ee728b)
Start importing Assets/Phoenix3D/Materials/Sample.mat using Guid(a399c919b73d77f4994532ac08599770) Importer(815301076,1909f56bfc062723c751e8b465ee728b)  -> (artifact id: 'be8d36b262212b94dbebd3ebc36f0746') in 0.008787 seconds
Number of updated asset objects reloaded before import = 0
Number of asset objects unloaded after import = 2
========================================================================
Received Import Request.
  Time since last request: 0.000184 seconds.
  path: Assets/philippeassets/Hovl Studio/Magic effects pack/Materials/Point.mat
  artifactKey: Guid(e546d2d7171981b468cf29388d902e99) Importer(815301076,1909f56bfc062723c751e8b465ee728b)
Start importing Assets/philippeassets/Hovl Studio/Magic effects pack/Materials/Point.mat using Guid(e546d2d7171981b468cf29388d902e99) Importer(815301076,1909f56bfc062723c751e8b465ee728b)  -> (artifact id: 'd9e5351cf854d95c4e136d4ccff90cac') in 0.241585 seconds
Number of updated asset objects reloaded before import = 0
Number of asset objects unloaded after import = 3
========================================================================
Received Import Request.
  Time since last request: 0.000060 seconds.
  path: Assets/VRTemplateAssets/Materials/Pointer/Pointer Outline.mat
  artifactKey: Guid(94eebd9d324eddd49be6e843f56d7ec0) Importer(815301076,1909f56bfc062723c751e8b465ee728b)
Start importing Assets/VRTemplateAssets/Materials/Pointer/Pointer Outline.mat using Guid(94eebd9d324eddd49be6e843f56d7ec0) Importer(815301076,1909f56bfc062723c751e8b465ee728b)  -> (artifact id: 'ec11d4756ebd99a0611b8048b479c487') in 0.010105 seconds
Number of updated asset objects reloaded before import = 0
Number of asset objects unloaded after import = 2
========================================================================
Received Import Request.
  Time since last request: 0.000173 seconds.
  path: Assets/Phoenix3D/Materials/Outdoor_Wall_T12.mat
  artifactKey: Guid(25f309e8aad8bcf4793b4276efa38be9) Importer(815301076,1909f56bfc062723c751e8b465ee728b)
Start importing Assets/Phoenix3D/Materials/Outdoor_Wall_T12.mat using Guid(25f309e8aad8bcf4793b4276efa38be9) Importer(815301076,1909f56bfc062723c751e8b465ee728b)  -> (artifact id: '15180ffcb0037e0a1cfbbfbe3e9530d4') in 1.281128 seconds
Number of updated asset objects reloaded before import = 0
Number of asset objects unloaded after import = 6
========================================================================
Received Import Request.
  Time since last request: 0.000019 seconds.
  path: Assets/Phoenix3D/Materials/Outdoor_Wall_T06.mat
  artifactKey: Guid(f3bd095cadb724a40a7bec41620e08d2) Importer(815301076,1909f56bfc062723c751e8b465ee728b)
Start importing Assets/Phoenix3D/Materials/Outdoor_Wall_T06.mat using Guid(f3bd095cadb724a40a7bec41620e08d2) Importer(815301076,1909f56bfc062723c751e8b465ee728b)  -> (artifact id: '3f54ee64b3750cf74296bd9f00eb790d') in 1.202745 seconds
Number of updated asset objects reloaded before import = 0
Number of asset objects unloaded after import = 11
========================================================================
Received Import Request.
  Time since last request: 0.000025 seconds.
  path: Assets/philippeassets/Apartment_Door/Models/Materials/SimpleDoor_SimpleDoor_MainDoor_LOD2SG1.mat
  artifactKey: Guid(476b17fb55a6f1445bd0173d87e3969b) Importer(815301076,1909f56bfc062723c751e8b465ee728b)
Start importing Assets/philippeassets/Apartment_Door/Models/Materials/SimpleDoor_SimpleDoor_MainDoor_LOD2SG1.mat using Guid(476b17fb55a6f1445bd0173d87e3969b) Importer(815301076,1909f56bfc062723c751e8b465ee728b)  -> (artifact id: '65367bb743a0df22ee31efee0999f5cc') in 0.042148 seconds
Number of updated asset objects reloaded before import = 0
Number of asset objects unloaded after import = 2
========================================================================
Received Import Request.
  Time since last request: 0.000018 seconds.
  path: Assets/Lets Make a VR Game/Models/rocks_v3.fbx
  artifactKey: Guid(1dd8e872f166b0147bb9fa521a10df8b) Importer(815301076,1909f56bfc062723c751e8b465ee728b)
Start importing Assets/Lets Make a VR Game/Models/rocks_v3.fbx using Guid(1dd8e872f166b0147bb9fa521a10df8b) Importer(815301076,1909f56bfc062723c751e8b465ee728b)  -> (artifact id: 'ee624c64dc4679b96b326598fb81ab59') in 0.075907 seconds
Number of updated asset objects reloaded before import = 0
Number of asset objects unloaded after import = 37
========================================================================
Received Import Request.
  Time since last request: 0.000035 seconds.
  path: Assets/Samples/XR Interaction Toolkit/2.4.3/Starter Assets/Models/PushButton.fbx
  artifactKey: Guid(7ab6f3b0fd1a6ba41b2a47766c16613f) Importer(815301076,1909f56bfc062723c751e8b465ee728b)
Start importing Assets/Samples/XR Interaction Toolkit/2.4.3/Starter Assets/Models/PushButton.fbx using Guid(7ab6f3b0fd1a6ba41b2a47766c16613f) Importer(815301076,1909f56bfc062723c751e8b465ee728b)  -> (artifact id: 'b1dee89ad4c562b8be13d4ad47eea8b6') in 0.166817 seconds
Number of updated asset objects reloaded before import = 0
Number of asset objects unloaded after import = 19
========================================================================
Received Import Request.
  Time since last request: 0.000033 seconds.
  path: Assets/TextMesh Pro/Resources/Fonts & Materials/LiberationSans SDF.asset
  artifactKey: Guid(8f586378b4e144a9851e7b34d9b748ee) Importer(815301076,1909f56bfc062723c751e8b465ee728b)
Start importing Assets/TextMesh Pro/Resources/Fonts & Materials/LiberationSans SDF.asset using Guid(8f586378b4e144a9851e7b34d9b748ee) Importer(815301076,1909f56bfc062723c751e8b465ee728b)  -> (artifact id: '414a952acf38a5475e235c8faf53b6f9') in 0.191246 seconds
Number of updated asset objects reloaded before import = 0
Number of asset objects unloaded after import = 10
========================================================================
Received Import Request.
  Time since last request: 0.000024 seconds.
  path: Assets/philippeassets/asset_store/key_lock/material/m_key_red_01.mat
  artifactKey: Guid(0897acad11ce8c641b71cbec176a86ff) Importer(815301076,1909f56bfc062723c751e8b465ee728b)
Start importing Assets/philippeassets/asset_store/key_lock/material/m_key_red_01.mat using Guid(0897acad11ce8c641b71cbec176a86ff) Importer(815301076,1909f56bfc062723c751e8b465ee728b)  -> (artifact id: '6f982b90f8ccbe0c5b9d9b5f6fcde3f5') in 0.319351 seconds
Number of updated asset objects reloaded before import = 0
Number of asset objects unloaded after import = 6
========================================================================
Received Import Request.
  Time since last request: 0.000045 seconds.
  path: Assets/Bookshelf/FBX/Materials/No Name.mat
  artifactKey: Guid(67fdbfe44a18aa546ac9ad5eb392a0fd) Importer(815301076,1909f56bfc062723c751e8b465ee728b)
Start importing Assets/Bookshelf/FBX/Materials/No Name.mat using Guid(67fdbfe44a18aa546ac9ad5eb392a0fd) Importer(815301076,1909f56bfc062723c751e8b465ee728b)  -> (artifact id: 'd934f073e6c00cdb434f318f07a2e10c') in 0.007026 seconds
Number of updated asset objects reloaded before import = 0
Number of asset objects unloaded after import = 2
========================================================================
Received Import Request.
  Time since last request: 0.000086 seconds.
  path: Assets/Phoenix3D/Materials/Outdoor_Wall_T08.mat
  artifactKey: Guid(a361f1e71baea434e8b22b33cb249602) Importer(815301076,1909f56bfc062723c751e8b465ee728b)
Start importing Assets/Phoenix3D/Materials/Outdoor_Wall_T08.mat using Guid(a361f1e71baea434e8b22b33cb249602) Importer(815301076,1909f56bfc062723c751e8b465ee728b)  -> (artifact id: '3c501e7b9969514d7880b9f3b6ba07d8') in 2.195148 seconds
Number of updated asset objects reloaded before import = 0
Number of asset objects unloaded after import = 6
========================================================================
Received Import Request.
  Time since last request: 0.000019 seconds.
  path: Assets/Lets Make a VR Game/UI 3D Examples/UI_3D/Materials/ClawMachine/CowPrize.mat
  artifactKey: Guid(654da49856624274ab1a5811f4aea112) Importer(815301076,1909f56bfc062723c751e8b465ee728b)
Start importing Assets/Lets Make a VR Game/UI 3D Examples/UI_3D/Materials/ClawMachine/CowPrize.mat using Guid(654da49856624274ab1a5811f4aea112) Importer(815301076,1909f56bfc062723c751e8b465ee728b)  -> (artifact id: 'c93b588e048b97ead10980b0e85c51c9') in 1.717956 seconds
Number of updated asset objects reloaded before import = 0
Number of asset objects unloaded after import = 5
========================================================================
Received Import Request.
  Time since last request: 0.000077 seconds.
  path: Assets/VRTemplateAssets/Fonts/Inter/Inter-Regular.ttf
  artifactKey: Guid(78c7f42a7547f22448a621eaeeef3fd2) Importer(815301076,1909f56bfc062723c751e8b465ee728b)
Start importing Assets/VRTemplateAssets/Fonts/Inter/Inter-Regular.ttf using Guid(78c7f42a7547f22448a621eaeeef3fd2) Importer(815301076,1909f56bfc062723c751e8b465ee728b)  -> (artifact id: '74a8a48be48116757e60b267f1a7da48') in 0.051829 seconds
Number of updated asset objects reloaded before import = 0
Number of asset objects unloaded after import = 5
========================================================================
Received Import Request.
  Time since last request: 0.000016 seconds.
  path: Assets/philippeassets/Hovl Studio/Magic effects pack/Materials/Flare.mat
  artifactKey: Guid(818e127314f46c844a3b31d893dcfe6a) Importer(815301076,1909f56bfc062723c751e8b465ee728b)
Start importing Assets/philippeassets/Hovl Studio/Magic effects pack/Materials/Flare.mat using Guid(818e127314f46c844a3b31d893dcfe6a) Importer(815301076,1909f56bfc062723c751e8b465ee728b)  -> (artifact id: '420cbb9cfc32b83037a3fda7fdf8ab22') in 0.025468 seconds
Number of updated asset objects reloaded before import = 0
Number of asset objects unloaded after import = 3
========================================================================
Received Import Request.
  Time since last request: 0.000057 seconds.
  path: Assets/philippeassets/Apartment_Door/Materials/Floor_Mat.mat
  artifactKey: Guid(d0fd02a84fe1d5d49b7137d2d61a5c8d) Importer(815301076,1909f56bfc062723c751e8b465ee728b)
Start importing Assets/philippeassets/Apartment_Door/Materials/Floor_Mat.mat using Guid(d0fd02a84fe1d5d49b7137d2d61a5c8d) Importer(815301076,1909f56bfc062723c751e8b465ee728b)  -> (artifact id: '03611d8cd1f534a6ab5563c6563fcea5') in 0.007934 seconds
Number of updated asset objects reloaded before import = 0
Number of asset objects unloaded after import = 2
========================================================================
Received Import Request.
  Time since last request: 0.000159 seconds.
  path: Assets/Georgian, by Tokyo Liu/Materials and textures/brown/FoundationDiffuseMap.mat
  artifactKey: Guid(9c4b6b61ec1e1d94781c4e5d580b78a6) Importer(815301076,1909f56bfc062723c751e8b465ee728b)
Start importing Assets/Georgian, by Tokyo Liu/Materials and textures/brown/FoundationDiffuseMap.mat using Guid(9c4b6b61ec1e1d94781c4e5d580b78a6) Importer(815301076,1909f56bfc062723c751e8b465ee728b)  -> (artifact id: '7b564bac64e4448ed8cfb82bea371a3f') in 3.662109 seconds
Number of updated asset objects reloaded before import = 0
Number of asset objects unloaded after import = 7
========================================================================
Received Import Request.
  Time since last request: 0.000027 seconds.
  path: Assets/VRTemplateAssets/Materials/Environment/Grey.mat
  artifactKey: Guid(e1b4debff657aa94293a2e4e5f15b8a0) Importer(815301076,1909f56bfc062723c751e8b465ee728b)
Start importing Assets/VRTemplateAssets/Materials/Environment/Grey.mat using Guid(e1b4debff657aa94293a2e4e5f15b8a0) Importer(815301076,1909f56bfc062723c751e8b465ee728b)  -> (artifact id: '43c0480af0cc8be41e7644fb647ccee6') in 0.012072 seconds
Number of updated asset objects reloaded before import = 0
Number of asset objects unloaded after import = 4
========================================================================
Received Import Request.
  Time since last request: 0.000033 seconds.
  path: Assets/Lets Make a VR Game/UI 3D Examples/UI_3D/Materials/Hole.mat
  artifactKey: Guid(9e8d496d63ad50744a0057e76919b9c4) Importer(815301076,1909f56bfc062723c751e8b465ee728b)
Start importing Assets/Lets Make a VR Game/UI 3D Examples/UI_3D/Materials/Hole.mat using Guid(9e8d496d63ad50744a0057e76919b9c4) Importer(815301076,1909f56bfc062723c751e8b465ee728b)  -> (artifact id: '297e833cf98c04b83511c87447c1effc') in 0.006619 seconds
Number of updated asset objects reloaded before import = 0
Number of asset objects unloaded after import = 2
========================================================================
Received Import Request.
  Time since last request: 0.000046 seconds.
  path: Assets/VRTemplateAssets/Shaders/InteractablePrimitive.shadergraph
  artifactKey: Guid(8ccee1dee7490414ea7e8ad2b953c3e1) Importer(815301076,1909f56bfc062723c751e8b465ee728b)
Start importing Assets/VRTemplateAssets/Shaders/InteractablePrimitive.shadergraph using Guid(8ccee1dee7490414ea7e8ad2b953c3e1) Importer(815301076,1909f56bfc062723c751e8b465ee728b)  -> (artifact id: 'a8c1c508efc37cf2fae130c01527f0c0') in 0.845113 seconds
Number of updated asset objects reloaded before import = 0
Number of asset objects unloaded after import = 3
========================================================================
Received Import Request.
  Time since last request: 0.000022 seconds.
  path: Assets/VRTemplateAssets/Models/Environment/Blaster.fbx
  artifactKey: Guid(99cc2a1856d1d8f40954668ce0ee3a7e) Importer(815301076,1909f56bfc062723c751e8b465ee728b)
Start importing Assets/VRTemplateAssets/Models/Environment/Blaster.fbx using Guid(99cc2a1856d1d8f40954668ce0ee3a7e) Importer(815301076,1909f56bfc062723c751e8b465ee728b)  -> (artifact id: 'a07543fe9bd5e4ecb4586b5632d1db39') in 0.082887 seconds
Number of updated asset objects reloaded before import = 0
Number of asset objects unloaded after import = 9
========================================================================
Received Import Request.
  Time since last request: 0.000015 seconds.
  path: Assets/VRTemplateAssets/Materials/Environment/Grid Dark Tight.mat
  artifactKey: Guid(43672be0899539340ba6ac5db322693c) Importer(815301076,1909f56bfc062723c751e8b465ee728b)
Start importing Assets/VRTemplateAssets/Materials/Environment/Grid Dark Tight.mat using Guid(43672be0899539340ba6ac5db322693c) Importer(815301076,1909f56bfc062723c751e8b465ee728b)  -> (artifact id: '237bc33154d056c93bd272b1baae6afd') in 0.007399 seconds
Number of updated asset objects reloaded before import = 0
Number of asset objects unloaded after import = 2
========================================================================
Received Import Request.
  Time since last request: 0.000029 seconds.
  path: Assets/materials/Architecture textures pack/Gabion wall/Materials/Gabion wall diffuse.mat
  artifactKey: Guid(3ea87137835a11c4190601bfc10f8de1) Importer(815301076,1909f56bfc062723c751e8b465ee728b)
Start importing Assets/materials/Architecture textures pack/Gabion wall/Materials/Gabion wall diffuse.mat using Guid(3ea87137835a11c4190601bfc10f8de1) Importer(815301076,1909f56bfc062723c751e8b465ee728b)  -> (artifact id: 'a4635bf0bfea43fbc7e5e14abc0eb880') in 0.703439 seconds
Number of updated asset objects reloaded before import = 0
Number of asset objects unloaded after import = 3
========================================================================
Received Import Request.
  Time since last request: 0.000018 seconds.
  path: Assets/philippeassets/Hovl Studio/Magic effects pack/Materials/Gradient.mat
  artifactKey: Guid(2ae196836e3f6ce438e93e246a6ab900) Importer(815301076,1909f56bfc062723c751e8b465ee728b)
Start importing Assets/philippeassets/Hovl Studio/Magic effects pack/Materials/Gradient.mat using Guid(2ae196836e3f6ce438e93e246a6ab900) Importer(815301076,1909f56bfc062723c751e8b465ee728b)  -> (artifact id: 'bf9966047ca59d54e45e127973121e7e') in 0.180189 seconds
Number of updated asset objects reloaded before import = 0
Number of asset objects unloaded after import = 3
========================================================================
Received Import Request.
  Time since last request: 0.000024 seconds.
  path: Assets/TextMesh Pro/Fonts/LiberationSans.ttf
  artifactKey: Guid(e3265ab4bf004d28a9537516768c1c75) Importer(815301076,1909f56bfc062723c751e8b465ee728b)
Start importing Assets/TextMesh Pro/Fonts/LiberationSans.ttf using Guid(e3265ab4bf004d28a9537516768c1c75) Importer(815301076,1909f56bfc062723c751e8b465ee728b)  -> (artifact id: '8dfed51707c360347b2416720da73661') in 0.666161 seconds
Number of updated asset objects reloaded before import = 0
Number of asset objects unloaded after import = 5
========================================================================
Received Import Request.
  Time since last request: 0.000071 seconds.
  path: Assets/VRTemplateAssets/Materials/Anchor Materials/Blue Anchor Arrow.mat
  artifactKey: Guid(e42270a11c28f4744b73a18278e4ef33) Importer(815301076,1909f56bfc062723c751e8b465ee728b)
Start importing Assets/VRTemplateAssets/Materials/Anchor Materials/Blue Anchor Arrow.mat using Guid(e42270a11c28f4744b73a18278e4ef33) Importer(815301076,1909f56bfc062723c751e8b465ee728b)  -> (artifact id: '1ce5685c85597e2e9d3b48a571e169ed') in 0.248391 seconds
Number of updated asset objects reloaded before import = 0
Number of asset objects unloaded after import = 2
========================================================================
Received Import Request.
  Time since last request: 0.000127 seconds.
  path: Assets/Bookshelf/FBX/Materials/bookcase.mat
  artifactKey: Guid(1712ace510337db4299bb1edeadd6276) Importer(815301076,1909f56bfc062723c751e8b465ee728b)
Start importing Assets/Bookshelf/FBX/Materials/bookcase.mat using Guid(1712ace510337db4299bb1edeadd6276) Importer(815301076,1909f56bfc062723c751e8b465ee728b)  -> (artifact id: 'd27a137bbeac362f578044c30e8df268') in 2.596499 seconds
Number of updated asset objects reloaded before import = 0
Number of asset objects unloaded after import = 4
========================================================================
Received Import Request.
  Time since last request: 0.000022 seconds.
  path: Assets/philippeassets/Hovl Studio/Magic effects pack/Materials/Trail67.mat
  artifactKey: Guid(228fc1317f61ac4408d84a68ea9822d3) Importer(815301076,1909f56bfc062723c751e8b465ee728b)
Start importing Assets/philippeassets/Hovl Studio/Magic effects pack/Materials/Trail67.mat using Guid(228fc1317f61ac4408d84a68ea9822d3) Importer(815301076,1909f56bfc062723c751e8b465ee728b)  -> (artifact id: '72b5dc2113ad0e1e7fe32b07eb24dff7') in 0.286717 seconds
Number of updated asset objects reloaded before import = 0
Number of asset objects unloaded after import = 3
========================================================================
Received Import Request.
  Time since last request: 0.000024 seconds.
  path: Assets/Lets Make a VR Game/UI 3D Examples/UI_3D/Materials/ClawMachine/UFO_FX_Beam.mat
  artifactKey: Guid(25750b82b41a76f41ac2722a821b962e) Importer(815301076,1909f56bfc062723c751e8b465ee728b)
Start importing Assets/Lets Make a VR Game/UI 3D Examples/UI_3D/Materials/ClawMachine/UFO_FX_Beam.mat using Guid(25750b82b41a76f41ac2722a821b962e) Importer(815301076,1909f56bfc062723c751e8b465ee728b)  -> (artifact id: '920f27ab62909ec6ab0adcf25e4ea1ba') in 0.185801 seconds
Number of updated asset objects reloaded before import = 0
Number of asset objects unloaded after import = 3
========================================================================
Received Import Request.
  Time since last request: 0.000043 seconds.
  path: Assets/VRTemplateAssets/Models/Poke/PokePointer.fbx
  artifactKey: Guid(a7a48ffe8eca1b6418fba110a2d48baa) Importer(815301076,1909f56bfc062723c751e8b465ee728b)
Start importing Assets/VRTemplateAssets/Models/Poke/PokePointer.fbx using Guid(a7a48ffe8eca1b6418fba110a2d48baa) Importer(815301076,1909f56bfc062723c751e8b465ee728b)  -> (artifact id: 'fb2e2a80604e27ed9f5438465fad15e7') in 0.343633 seconds
Number of updated asset objects reloaded before import = 0
Number of asset objects unloaded after import = 9
========================================================================
Received Import Request.
  Time since last request: 0.000027 seconds.
  path: Assets/materials/portal2.mat
  artifactKey: Guid(1e6bb90dd4284e94f9f891e14273e7fc) Importer(815301076,1909f56bfc062723c751e8b465ee728b)
Start importing Assets/materials/portal2.mat using Guid(1e6bb90dd4284e94f9f891e14273e7fc) Importer(815301076,1909f56bfc062723c751e8b465ee728b)  -> (artifact id: '0b46ae701630130743e09f97b8d1a82e') in 0.007875 seconds
Number of updated asset objects reloaded before import = 0
Number of asset objects unloaded after import = 2
========================================================================
Received Import Request.
  Time since last request: 0.000019 seconds.
  path: Assets/VRTemplateAssets/Materials/Primitive/Interactables 2.mat
  artifactKey: Guid(b2dbb5f1f2068794eba2d105124bf21e) Importer(815301076,1909f56bfc062723c751e8b465ee728b)
Start importing Assets/VRTemplateAssets/Materials/Primitive/Interactables 2.mat using Guid(b2dbb5f1f2068794eba2d105124bf21e) Importer(815301076,1909f56bfc062723c751e8b465ee728b)  -> (artifact id: '6f3b05d9f8eb51ccef7adc1ddfd992fa') in 0.013413 seconds
Number of updated asset objects reloaded before import = 0
Number of asset objects unloaded after import = 4
========================================================================
Received Import Request.
  Time since last request: 0.000024 seconds.
  path: Assets/materials/Architecture textures pack/Round dot rubber/Materials/Round dot rubber diffuse.mat
  artifactKey: Guid(44fcace8465d9884e953ffee802dce20) Importer(815301076,1909f56bfc062723c751e8b465ee728b)
Start importing Assets/materials/Architecture textures pack/Round dot rubber/Materials/Round dot rubber diffuse.mat using Guid(44fcace8465d9884e953ffee802dce20) Importer(815301076,1909f56bfc062723c751e8b465ee728b)  -> (artifact id: '5860b31d4160cd4f76418341a940f14c') in 0.810134 seconds
Number of updated asset objects reloaded before import = 0
Number of asset objects unloaded after import = 3
========================================================================
Received Import Request.
  Time since last request: 0.000018 seconds.
  path: Assets/VRTemplateAssets/Materials/Anchor Materials/Anchor Base.mat
  artifactKey: Guid(19fd09f1fd9347644a27778b73938d3b) Importer(815301076,1909f56bfc062723c751e8b465ee728b)
Start importing Assets/VRTemplateAssets/Materials/Anchor Materials/Anchor Base.mat using Guid(19fd09f1fd9347644a27778b73938d3b) Importer(815301076,1909f56bfc062723c751e8b465ee728b)  -> (artifact id: '05a56d8e5a0efb7460ac5e7e5ac2f8da') in 0.012404 seconds
Number of updated asset objects reloaded before import = 0
Number of asset objects unloaded after import = 3
========================================================================
Received Import Request.
  Time since last request: 0.000025 seconds.
  path: Assets/JJ_InteriorDoorPack_V1/Materials/mat_door4_white_weathered.mat
  artifactKey: Guid(da291d329d3ac0b418c0541226e1d270) Importer(815301076,1909f56bfc062723c751e8b465ee728b)
Start importing Assets/JJ_InteriorDoorPack_V1/Materials/mat_door4_white_weathered.mat using Guid(da291d329d3ac0b418c0541226e1d270) Importer(815301076,1909f56bfc062723c751e8b465ee728b)  -> (artifact id: 'a07d1b81789b388a26eb8d7b6ca8dd92') in 0.930570 seconds
Number of updated asset objects reloaded before import = 0
Number of asset objects unloaded after import = 5
========================================================================
Received Import Request.
  Time since last request: 0.000015 seconds.
  path: Assets/Georgian, by Tokyo Liu/FBX/Materials/01 - Default.mat
  artifactKey: Guid(5f4a765f1f537d54facb6e6819217f6f) Importer(815301076,1909f56bfc062723c751e8b465ee728b)
Start importing Assets/Georgian, by Tokyo Liu/FBX/Materials/01 - Default.mat using Guid(5f4a765f1f537d54facb6e6819217f6f) Importer(815301076,1909f56bfc062723c751e8b465ee728b)  -> (artifact id: '2a695dcbf7442b0cffbb094573b57aee') in 0.008394 seconds
Number of updated asset objects reloaded before import = 0
Number of asset objects unloaded after import = 2
========================================================================
Received Import Request.
  Time since last request: 0.000605 seconds.
  path: Assets/Bookshelf/FBX/Materials/misc.mat
  artifactKey: Guid(67f675f89b635214b9a04502c9176783) Importer(815301076,1909f56bfc062723c751e8b465ee728b)
Start importing Assets/Bookshelf/FBX/Materials/misc.mat using Guid(67f675f89b635214b9a04502c9176783) Importer(815301076,1909f56bfc062723c751e8b465ee728b)  -> (artifact id: '6f9420c4b87c51f4cfb4d6782a6ee925') in 1.107318 seconds
Number of updated asset objects reloaded before import = 0
Number of asset objects unloaded after import = 4
========================================================================
Received Import Request.
  Time since last request: 0.000060 seconds.
  path: Assets/VRTemplateAssets/Materials/Primitive/Interactables 5.mat
  artifactKey: Guid(83eabfe673263a445972586e5d8b56ee) Importer(815301076,1909f56bfc062723c751e8b465ee728b)
Start importing Assets/VRTemplateAssets/Materials/Primitive/Interactables 5.mat using Guid(83eabfe673263a445972586e5d8b56ee) Importer(815301076,1909f56bfc062723c751e8b465ee728b)  -> (artifact id: '8dc6ac9ed0d3ee9b5988535935ec603c') in 0.012685 seconds
Number of updated asset objects reloaded before import = 0
Number of asset objects unloaded after import = 4
========================================================================
Received Import Request.
  Time since last request: 0.000020 seconds.
  path: Assets/materials/Architecture textures pack/Bricks red smooth/Bricks red smooth Mat.mat
  artifactKey: Guid(1a848aedc7780574fbf79d59dd5d42b3) Importer(815301076,1909f56bfc062723c751e8b465ee728b)
Start importing Assets/materials/Architecture textures pack/Bricks red smooth/Bricks red smooth Mat.mat using Guid(1a848aedc7780574fbf79d59dd5d42b3) Importer(815301076,1909f56bfc062723c751e8b465ee728b)  -> (artifact id: 'fe4d48a6636cfeeede5e5ca067de7166') in 0.421949 seconds
Number of updated asset objects reloaded before import = 0
Number of asset objects unloaded after import = 4
========================================================================
Received Import Request.
  Time since last request: 0.000027 seconds.
  path: Assets/Phoenix3D/Materials/Outdoor_Wall_T02.mat
  artifactKey: Guid(957542add39c7114ea1e74bd1c579603) Importer(815301076,1909f56bfc062723c751e8b465ee728b)
Start importing Assets/Phoenix3D/Materials/Outdoor_Wall_T02.mat using Guid(957542add39c7114ea1e74bd1c579603) Importer(815301076,1909f56bfc062723c751e8b465ee728b)  -> (artifact id: '6c9ed4f20a04bb3eed9a68ca1e0db31b') in 1.299636 seconds
Number of updated asset objects reloaded before import = 0
Number of asset objects unloaded after import = 6
========================================================================
Received Import Request.
  Time since last request: 0.000023 seconds.
  path: Assets/VRTemplateAssets/Models/Environment/Totem2.fbx
  artifactKey: Guid(cec1aebf75b74914097378398b58a48e) Importer(815301076,1909f56bfc062723c751e8b465ee728b)
Start importing Assets/VRTemplateAssets/Models/Environment/Totem2.fbx using Guid(cec1aebf75b74914097378398b58a48e) Importer(815301076,1909f56bfc062723c751e8b465ee728b)  -> (artifact id: '9c161e4c0244358e0a907cdf3e537505') in 0.037608 seconds
Number of updated asset objects reloaded before import = 0
Number of asset objects unloaded after import = 24
========================================================================
Received Import Request.
  Time since last request: 0.000020 seconds.
  path: Assets/philippeassets/MASH Virtual/Sci Fi Doors/Material/Sci Fi Doors Mat.mat
  artifactKey: Guid(7474aa6baee1fc84ea7882a1a652b09c) Importer(815301076,1909f56bfc062723c751e8b465ee728b)
Start importing Assets/philippeassets/MASH Virtual/Sci Fi Doors/Material/Sci Fi Doors Mat.mat using Guid(7474aa6baee1fc84ea7882a1a652b09c) Importer(815301076,1909f56bfc062723c751e8b465ee728b)  -> (artifact id: 'bc056ad96022389de81b71fbdf1ae039') in 0.025231 seconds
Number of updated asset objects reloaded before import = 0
Number of asset objects unloaded after import = 6
========================================================================
Received Import Request.
  Time since last request: 0.000039 seconds.
  path: Assets/philippeassets/Apartment_Door/Models/SimpleDoor.fbx
  artifactKey: Guid(f054e366653a7c14186595569de398f9) Importer(815301076,1909f56bfc062723c751e8b465ee728b)
Start importing Assets/philippeassets/Apartment_Door/Models/SimpleDoor.fbx using Guid(f054e366653a7c14186595569de398f9) Importer(815301076,1909f56bfc062723c751e8b465ee728b)  -> (artifact id: 'ed1e7c188a76355f7057fcb2f1524861') in 0.130447 seconds
Number of updated asset objects reloaded before import = 0
Number of asset objects unloaded after import = 151
========================================================================
Received Import Request.
  Time since last request: 0.000020 seconds.
  path: Assets/materials/Architecture textures pack/Roof tiles weathered/Materials/Roof tiles weathered diffuse.mat
  artifactKey: Guid(390a58f087e2ab044aba70ff4febbc54) Importer(815301076,1909f56bfc062723c751e8b465ee728b)
Start importing Assets/materials/Architecture textures pack/Roof tiles weathered/Materials/Roof tiles weathered diffuse.mat using Guid(390a58f087e2ab044aba70ff4febbc54) Importer(815301076,1909f56bfc062723c751e8b465ee728b)  -> (artifact id: 'f087f68ad5f5db7a1bbe53a4bdea4a83') in 0.130009 seconds
Number of updated asset objects reloaded before import = 0
Number of asset objects unloaded after import = 3
========================================================================
Received Import Request.
  Time since last request: 0.000023 seconds.
  path: Assets/Lets Make a VR Game/Models/Trash.fbx
  artifactKey: Guid(86e2b962476603b47b89c5ae2c5de8ba) Importer(815301076,1909f56bfc062723c751e8b465ee728b)
Start importing Assets/Lets Make a VR Game/Models/Trash.fbx using Guid(86e2b962476603b47b89c5ae2c5de8ba) Importer(815301076,1909f56bfc062723c751e8b465ee728b)  -> (artifact id: '8f4fd506b8fc3dd12698e593be8b97e6') in 0.273294 seconds
Number of updated asset objects reloaded before import = 0
Number of asset objects unloaded after import = 9
========================================================================
Received Import Request.
  Time since last request: 0.000081 seconds.
  path: Assets/VRTemplateAssets/Models/Blink/BlinkVisual.fbx
  artifactKey: Guid(abd83a5f2e97de448a64683eb362a566) Importer(815301076,1909f56bfc062723c751e8b465ee728b)
Start importing Assets/VRTemplateAssets/Models/Blink/BlinkVisual.fbx using Guid(abd83a5f2e97de448a64683eb362a566) Importer(815301076,1909f56bfc062723c751e8b465ee728b)  -> (artifact id: 'abfe2f1e78c8cde5431edc96a1b10749') in 0.021427 seconds
Number of updated asset objects reloaded before import = 0
Number of asset objects unloaded after import = 9
========================================================================
Received Import Request.
  Time since last request: 0.000020 seconds.
  path: Assets/materials/Architecture textures pack/Tiling concave/Materials/Tiling concave diffuse.mat
  artifactKey: Guid(c8e223a48a7e2554ea49f796a379bbff) Importer(815301076,1909f56bfc062723c751e8b465ee728b)
Start importing Assets/materials/Architecture textures pack/Tiling concave/Materials/Tiling concave diffuse.mat using Guid(c8e223a48a7e2554ea49f796a379bbff) Importer(815301076,1909f56bfc062723c751e8b465ee728b)  -> (artifact id: '50049f00b8d669a0af2d16fb1f033d19') in 0.460723 seconds
Number of updated asset objects reloaded before import = 0
Number of asset objects unloaded after import = 3
========================================================================
Received Import Request.
  Time since last request: 0.000021 seconds.
  path: Assets/JJ_InteriorDoorPack_V1/Materials/mat_door4_white.mat
  artifactKey: Guid(9685193c346b23f4ab5edb5d066f7215) Importer(815301076,1909f56bfc062723c751e8b465ee728b)
Start importing Assets/JJ_InteriorDoorPack_V1/Materials/mat_door4_white.mat using Guid(9685193c346b23f4ab5edb5d066f7215) Importer(815301076,1909f56bfc062723c751e8b465ee728b)  -> (artifact id: 'd5dcafe91a41797ad3e1313dd68e5d8a') in 1.336499 seconds
Number of updated asset objects reloaded before import = 0
Number of asset objects unloaded after import = 5
========================================================================
Received Import Request.
  Time since last request: 0.000081 seconds.
  path: Assets/VRTemplateAssets/Models/Environment/Arrows.fbx
  artifactKey: Guid(a8211a3e0e87d014e8326e23ae022d39) Importer(815301076,1909f56bfc062723c751e8b465ee728b)
Start importing Assets/VRTemplateAssets/Models/Environment/Arrows.fbx using Guid(a8211a3e0e87d014e8326e23ae022d39) Importer(815301076,1909f56bfc062723c751e8b465ee728b)  -> (artifact id: '3a3629d76218f31d6bdb01912ae5ad19') in 0.290894 seconds
Number of updated asset objects reloaded before import = 0
Number of asset objects unloaded after import = 16
========================================================================
Received Import Request.
  Time since last request: 0.000020 seconds.
  path: Assets/VRTemplateAssets/Models/UI/Spatial Panel Manipulator Model.fbx
  artifactKey: Guid(c6984c48aed9a154294088f4265d8478) Importer(815301076,1909f56bfc062723c751e8b465ee728b)
Start importing Assets/VRTemplateAssets/Models/UI/Spatial Panel Manipulator Model.fbx using Guid(c6984c48aed9a154294088f4265d8478) Importer(815301076,1909f56bfc062723c751e8b465ee728b)  -> (artifact id: '1c9c3780a8471476e9f2f7d93c2e35ad') in 0.130507 seconds
Number of updated asset objects reloaded before import = 0
Number of asset objects unloaded after import = 8
========================================================================
Received Import Request.
  Time since last request: 0.000097 seconds.
  path: Assets/Lets Make a VR Game/UI 3D Examples/UI_3D/Materials/ClawMachine/Barn_FlatBlack.mat
  artifactKey: Guid(a25b9d4400e37c144abc5d361dbcbcd3) Importer(815301076,1909f56bfc062723c751e8b465ee728b)
Start importing Assets/Lets Make a VR Game/UI 3D Examples/UI_3D/Materials/ClawMachine/Barn_FlatBlack.mat using Guid(a25b9d4400e37c144abc5d361dbcbcd3) Importer(815301076,1909f56bfc062723c751e8b465ee728b)  -> (artifact id: 'b977a4b0b3a7cdd72f57474fb0877f64') in 0.006604 seconds
Number of updated asset objects reloaded before import = 0
Number of asset objects unloaded after import = 2
========================================================================
Received Import Request.
  Time since last request: 0.000020 seconds.
  path: Assets/materials/Architecture textures pack/Bricks red rough/Materials/Bricks red rough diffuse.mat
  artifactKey: Guid(c724034edfa7d574cbfadf05551a38dc) Importer(815301076,1909f56bfc062723c751e8b465ee728b)
Start importing Assets/materials/Architecture textures pack/Bricks red rough/Materials/Bricks red rough diffuse.mat using Guid(c724034edfa7d574cbfadf05551a38dc) Importer(815301076,1909f56bfc062723c751e8b465ee728b)  -> (artifact id: '4934538411467ccb14f0180fd8ebcafa') in 0.426205 seconds
Number of updated asset objects reloaded before import = 0
Number of asset objects unloaded after import = 3
========================================================================
Received Import Request.
  Time since last request: 0.000067 seconds.
  path: Assets/VRTemplateAssets/Materials/Environment/Arrows.mat
  artifactKey: Guid(08d0ccc4a501e6645be0c3ee36d0cd20) Importer(815301076,1909f56bfc062723c751e8b465ee728b)
Start importing Assets/VRTemplateAssets/Materials/Environment/Arrows.mat using Guid(08d0ccc4a501e6645be0c3ee36d0cd20) Importer(815301076,1909f56bfc062723c751e8b465ee728b)  -> (artifact id: '7345cf41c38ab2465b826d3ddb8dab83') in 0.006941 seconds
Number of updated asset objects reloaded before import = 0
Number of asset objects unloaded after import = 2
========================================================================
Received Import Request.
  Time since last request: 0.000065 seconds.
  path: Assets/VRTemplateAssets/Materials/UI/VideoTexture.mat
  artifactKey: Guid(21b7c0feceb2bd14d96ca4c49a2a776b) Importer(815301076,1909f56bfc062723c751e8b465ee728b)
Start importing Assets/VRTemplateAssets/Materials/UI/VideoTexture.mat using Guid(21b7c0feceb2bd14d96ca4c49a2a776b) Importer(815301076,1909f56bfc062723c751e8b465ee728b)  -> (artifact id: '8acb6e669afcfc3b15143be04508ac6a') in 0.239603 seconds
Number of updated asset objects reloaded before import = 0
Number of asset objects unloaded after import = 2
========================================================================
Received Import Request.
  Time since last request: 0.000026 seconds.
  path: Assets/materials/Architecture textures pack/Plasterboard/Materials/Plasterboard diffuse.mat
  artifactKey: Guid(c0cedbfa816232f4caa0f0ee6049324e) Importer(815301076,1909f56bfc062723c751e8b465ee728b)
Start importing Assets/materials/Architecture textures pack/Plasterboard/Materials/Plasterboard diffuse.mat using Guid(c0cedbfa816232f4caa0f0ee6049324e) Importer(815301076,1909f56bfc062723c751e8b465ee728b)  -> (artifact id: '8f90cd19bf9543cc2daa76f2e951d743') in 0.395120 seconds
Number of updated asset objects reloaded before import = 0
Number of asset objects unloaded after import = 3
========================================================================
Received Import Request.
  Time since last request: 0.000028 seconds.
  path: Assets/Samples/XR Interaction Toolkit/2.4.3/Starter Assets/Models/Primitive_Wedge.fbx
  artifactKey: Guid(ab3a79eba4de4be0ad5fead9fb858190) Importer(815301076,1909f56bfc062723c751e8b465ee728b)
Start importing Assets/Samples/XR Interaction Toolkit/2.4.3/Starter Assets/Models/Primitive_Wedge.fbx using Guid(ab3a79eba4de4be0ad5fead9fb858190) Importer(815301076,1909f56bfc062723c751e8b465ee728b)  -> (artifact id: 'e6177722433d42003eb9fb2b8a9431d0') in 0.057696 seconds
Number of updated asset objects reloaded before import = 0
Number of asset objects unloaded after import = 9
========================================================================
Received Import Request.
  Time since last request: 0.000017 seconds.
  path: Assets/VRTemplateAssets/Models/Environment/Totem1.fbx
  artifactKey: Guid(af3a609f3b06600409a356f4e8ba91ba) Importer(815301076,1909f56bfc062723c751e8b465ee728b)
Start importing Assets/VRTemplateAssets/Models/Environment/Totem1.fbx using Guid(af3a609f3b06600409a356f4e8ba91ba) Importer(815301076,1909f56bfc062723c751e8b465ee728b)  -> (artifact id: 'cedd82108e4765c3d132c18da1d1ccdd') in 0.049221 seconds
Number of updated asset objects reloaded before import = 0
Number of asset objects unloaded after import = 26
========================================================================
Received Import Request.
  Time since last request: 0.000036 seconds.
  path: Assets/Lets Make a VR Game/UI 3D Examples/UI_3D/Materials/AccentButton.mat
  artifactKey: Guid(07c2795a3fc76224f9e44b842ccf3ff0) Importer(815301076,1909f56bfc062723c751e8b465ee728b)
Start importing Assets/Lets Make a VR Game/UI 3D Examples/UI_3D/Materials/AccentButton.mat using Guid(07c2795a3fc76224f9e44b842ccf3ff0) Importer(815301076,1909f56bfc062723c751e8b465ee728b)  -> (artifact id: 'f0aa0b42c97fc26d97e8b271798d565f') in 0.118649 seconds
Number of updated asset objects reloaded before import = 0
Number of asset objects unloaded after import = 2
========================================================================
Received Import Request.
  Time since last request: 0.000057 seconds.
  path: Assets/Georgian, by Tokyo Liu/FBX/Materials/02 - Default.mat
  artifactKey: Guid(e138a09ffec2f06469c75d31a54c01b6) Importer(815301076,1909f56bfc062723c751e8b465ee728b)
Start importing Assets/Georgian, by Tokyo Liu/FBX/Materials/02 - Default.mat using Guid(e138a09ffec2f06469c75d31a54c01b6) Importer(815301076,1909f56bfc062723c751e8b465ee728b)  -> (artifact id: '3ed6a851b449ffd38790375722e966e7') in 0.007557 seconds
Number of updated asset objects reloaded before import = 0
Number of asset objects unloaded after import = 2
========================================================================
Received Import Request.
  Time since last request: 0.000022 seconds.
  path: Assets/TextMesh Pro/Resources/Fonts & Materials/LiberationSans SDF - Outline.mat
  artifactKey: Guid(79459efec17a4d00a321bdcc27bbc385) Importer(815301076,1909f56bfc062723c751e8b465ee728b)
Start importing Assets/TextMesh Pro/Resources/Fonts & Materials/LiberationSans SDF - Outline.mat using Guid(79459efec17a4d00a321bdcc27bbc385) Importer(815301076,1909f56bfc062723c751e8b465ee728b)  -> (artifact id: '6fef5c8dee52bd08b28feffbce9cd59b') in 0.135991 seconds
Number of updated asset objects reloaded before import = 0
Number of asset objects unloaded after import = 3
========================================================================
Received Import Request.
  Time since last request: 0.000038 seconds.
  path: Assets/materials/Architecture textures pack/Laminated wood/Laminated wood Mat.mat
  artifactKey: Guid(2ef4d1414ce51664991f9f8da0c69f0b) Importer(815301076,1909f56bfc062723c751e8b465ee728b)
Start importing Assets/materials/Architecture textures pack/Laminated wood/Laminated wood Mat.mat using Guid(2ef4d1414ce51664991f9f8da0c69f0b) Importer(815301076,1909f56bfc062723c751e8b465ee728b)  -> (artifact id: '8a1a92eff008ff86294dab0114e5c1f1') in 0.456397 seconds
Number of updated asset objects reloaded before import = 0
Number of asset objects unloaded after import = 4
========================================================================
Received Import Request.
  Time since last request: 0.000019 seconds.
  path: Assets/TextMesh Pro/Resources/Fonts & Materials/LiberationSans SDF - Drop Shadow.mat
  artifactKey: Guid(e73a58f6e2794ae7b1b7e50b7fb811b0) Importer(815301076,1909f56bfc062723c751e8b465ee728b)
Start importing Assets/TextMesh Pro/Resources/Fonts & Materials/LiberationSans SDF - Drop Shadow.mat using Guid(e73a58f6e2794ae7b1b7e50b7fb811b0) Importer(815301076,1909f56bfc062723c751e8b465ee728b)  -> (artifact id: '27b73649ab2bdf8f3604f31f43a72cd8') in 0.290854 seconds
Number of updated asset objects reloaded before import = 0
Number of asset objects unloaded after import = 3
========================================================================
Received Import Request.
  Time since last request: 0.000024 seconds.
  path: Assets/philippeassets/Hovl Studio/Magic effects pack/Materials/MagicCircle.mat
  artifactKey: Guid(ddac23d301cbfca45bcbe217c05f0141) Importer(815301076,1909f56bfc062723c751e8b465ee728b)
Start importing Assets/philippeassets/Hovl Studio/Magic effects pack/Materials/MagicCircle.mat using Guid(ddac23d301cbfca45bcbe217c05f0141) Importer(815301076,1909f56bfc062723c751e8b465ee728b)  -> (artifact id: '6c34ef254db78dd29cc992043659bc82') in 0.376778 seconds
Number of updated asset objects reloaded before import = 0
Number of asset objects unloaded after import = 3
========================================================================
Received Import Request.
  Time since last request: 0.000027 seconds.
  path: Assets/VRTemplateAssets/Models/Anchor/AnchorArrow.fbx
  artifactKey: Guid(076cbf182a14247409a7a269d753df65) Importer(815301076,1909f56bfc062723c751e8b465ee728b)
Start importing Assets/VRTemplateAssets/Models/Anchor/AnchorArrow.fbx using Guid(076cbf182a14247409a7a269d753df65) Importer(815301076,1909f56bfc062723c751e8b465ee728b)  -> (artifact id: 'e741d01c3174440d6345e42fdd3b2244') in 0.016716 seconds
Number of updated asset objects reloaded before import = 0
Number of asset objects unloaded after import = 9
========================================================================
Received Import Request.
  Time since last request: 0.000026 seconds.
  path: Assets/materials/Architecture textures pack/Bricks grey/Materials/Bricks grey diffuse.mat
  artifactKey: Guid(e281acc363ce23e4f972db8f0e384f5b) Importer(815301076,1909f56bfc062723c751e8b465ee728b)
Start importing Assets/materials/Architecture textures pack/Bricks grey/Materials/Bricks grey diffuse.mat using Guid(e281acc363ce23e4f972db8f0e384f5b) Importer(815301076,1909f56bfc062723c751e8b465ee728b)  -> (artifact id: 'd09b7fc9c4e0f81dcadd3683bb82d92f') in 0.213552 seconds
Number of updated asset objects reloaded before import = 0
Number of asset objects unloaded after import = 3
========================================================================
Received Import Request.
  Time since last request: 0.000020 seconds.
  path: Assets/materials/Architecture textures pack/Gabion wall/Gabion wall Mat.mat
  artifactKey: Guid(0cf0d5e7bbb25a84ca981bf5730d60d9) Importer(815301076,1909f56bfc062723c751e8b465ee728b)
Start importing Assets/materials/Architecture textures pack/Gabion wall/Gabion wall Mat.mat using Guid(0cf0d5e7bbb25a84ca981bf5730d60d9) Importer(815301076,1909f56bfc062723c751e8b465ee728b)  -> (artifact id: '36d62f508350d22ff0e23201c69291bd') in 0.316584 seconds
Number of updated asset objects reloaded before import = 0
Number of asset objects unloaded after import = 4
========================================================================
Received Import Request.
  Time since last request: 0.000034 seconds.
  path: Assets/VRTemplateAssets/Materials/Locomotion/Angle Indicator.mat
  artifactKey: Guid(8949fdebf89b61548af583f0a1ef05ab) Importer(815301076,1909f56bfc062723c751e8b465ee728b)
Start importing Assets/VRTemplateAssets/Materials/Locomotion/Angle Indicator.mat using Guid(8949fdebf89b61548af583f0a1ef05ab) Importer(815301076,1909f56bfc062723c751e8b465ee728b)  -> (artifact id: '109603fe7af00709459a352584ac3d5b') in 0.211346 seconds
Number of updated asset objects reloaded before import = 0
Number of asset objects unloaded after import = 2
========================================================================
Received Import Request.
  Time since last request: 0.000020 seconds.
  path: Assets/Phoenix3D/Materials/Outdoor_Wall_T14.mat
  artifactKey: Guid(e9665c59c972a0a49a933c2093023e13) Importer(815301076,1909f56bfc062723c751e8b465ee728b)
Start importing Assets/Phoenix3D/Materials/Outdoor_Wall_T14.mat using Guid(e9665c59c972a0a49a933c2093023e13) Importer(815301076,1909f56bfc062723c751e8b465ee728b)  -> (artifact id: '95a2431dd4d42659f95c51ec0e3027be') in 3.019530 seconds
Number of updated asset objects reloaded before import = 0
Number of asset objects unloaded after import = 6
========================================================================
Received Import Request.
  Time since last request: 0.000025 seconds.
  path: Assets/JJ_InteriorDoorPack_V1/Materials/mat_door3_white_weathered.mat
  artifactKey: Guid(f180676a82323ba408783288a21243ad) Importer(815301076,1909f56bfc062723c751e8b465ee728b)
Start importing Assets/JJ_InteriorDoorPack_V1/Materials/mat_door3_white_weathered.mat using Guid(f180676a82323ba408783288a21243ad) Importer(815301076,1909f56bfc062723c751e8b465ee728b)  -> (artifact id: '847b3e317f71a58e26bb372953a828f6') in 1.405973 seconds
Number of updated asset objects reloaded before import = 0
Number of asset objects unloaded after import = 5
========================================================================
Received Import Request.
  Time since last request: 0.000020 seconds.
  path: Assets/VRTemplateAssets/Fonts/Inter/Inter-Regular SDF Overlay Outline Material.mat
  artifactKey: Guid(69cb2ba794a087b4abdf1b00110f8c3b) Importer(815301076,1909f56bfc062723c751e8b465ee728b)
Start importing Assets/VRTemplateAssets/Fonts/Inter/Inter-Regular SDF Overlay Outline Material.mat using Guid(69cb2ba794a087b4abdf1b00110f8c3b) Importer(815301076,1909f56bfc062723c751e8b465ee728b)  -> (artifact id: '95c01ed5ae5056aa3fb5a4ca8f4569a2') in 0.013630 seconds
Number of updated asset objects reloaded before import = 0
Number of asset objects unloaded after import = 3
========================================================================
Received Import Request.
  Time since last request: 0.000034 seconds.
  path: Assets/materials/Wooden floor/Wooden floor 06/Materials/Wooden floor diffuse.mat
  artifactKey: Guid(940f0c8958c8e2c45989023470d02aec) Importer(815301076,1909f56bfc062723c751e8b465ee728b)
Start importing Assets/materials/Wooden floor/Wooden floor 06/Materials/Wooden floor diffuse.mat using Guid(940f0c8958c8e2c45989023470d02aec) Importer(815301076,1909f56bfc062723c751e8b465ee728b)  -> (artifact id: '57a39847bdfe0078586ff38e56059ee1') in 0.050430 seconds
Number of updated asset objects reloaded before import = 0
Number of asset objects unloaded after import = 3
========================================================================
Received Import Request.
  Time since last request: 0.000031 seconds.
  path: Assets/Phoenix3D/Materials/Outdoor_Wall_T07.mat
  artifactKey: Guid(f972c54def2978342ae23ae63bd4e4c6) Importer(815301076,1909f56bfc062723c751e8b465ee728b)
Start importing Assets/Phoenix3D/Materials/Outdoor_Wall_T07.mat using Guid(f972c54def2978342ae23ae63bd4e4c6) Importer(815301076,1909f56bfc062723c751e8b465ee728b)  -> (artifact id: '5e8320a23b6a5ed81cdbdd2b1f3154bb') in 2.380251 seconds
Number of updated asset objects reloaded before import = 0
Number of asset objects unloaded after import = 16
========================================================================
Received Import Request.
  Time since last request: 0.000074 seconds.
  path: Assets/materials/Architecture textures pack/Roof tiles weathered/Roof tiles weathered Mat.mat
  artifactKey: Guid(124789c958827be4cad724112dbb9937) Importer(815301076,1909f56bfc062723c751e8b465ee728b)
Start importing Assets/materials/Architecture textures pack/Roof tiles weathered/Roof tiles weathered Mat.mat using Guid(124789c958827be4cad724112dbb9937) Importer(815301076,1909f56bfc062723c751e8b465ee728b)  -> (artifact id: '9e30bd59f6d45cbe4c695c49f3a82b9c') in 0.212206 seconds
Number of updated asset objects reloaded before import = 0
Number of asset objects unloaded after import = 4
========================================================================
Received Import Request.
  Time since last request: 222.349943 seconds.
  path: Assets/materials/Architecture textures pack/Tiling marble/Materials/Tiling marble diffuse.mat
  artifactKey: Guid(9e2ceef57eb023c4fa60469b17dd0d92) Importer(815301076,1909f56bfc062723c751e8b465ee728b)
Start importing Assets/materials/Architecture textures pack/Tiling marble/Materials/Tiling marble diffuse.mat using Guid(9e2ceef57eb023c4fa60469b17dd0d92) Importer(815301076,1909f56bfc062723c751e8b465ee728b)  -> (artifact id: 'a21f17cbad1dca20d6529b7a7190f458') in 0.082586 seconds
Number of updated asset objects reloaded before import = 0
Number of asset objects unloaded after import = 3
========================================================================
Received Import Request.
  Time since last request: 0.560927 seconds.
  path: Assets/materials/Architecture textures pack/Plywood board/Materials/Plywood board diffuse.mat
  artifactKey: Guid(a2546a269bf3d384c80b9cc4d0e7dd15) Importer(815301076,1909f56bfc062723c751e8b465ee728b)
Start importing Assets/materials/Architecture textures pack/Plywood board/Materials/Plywood board diffuse.mat using Guid(a2546a269bf3d384c80b9cc4d0e7dd15) Importer(815301076,1909f56bfc062723c751e8b465ee728b)  -> (artifact id: '2e9061c8fd2e4e79e4131a538e86bcdf') in 0.009110 seconds
Number of updated asset objects reloaded before import = 0
Number of asset objects unloaded after import = 3
========================================================================
Received Import Request.
  Time since last request: 0.092723 seconds.
  path: Assets/JJ_InteriorDoorPack_V1/Materials/mat_door1.mat
  artifactKey: Guid(ed7456f7ea3eb8c44823541593c9eb3e) Importer(815301076,1909f56bfc062723c751e8b465ee728b)
Start importing Assets/JJ_InteriorDoorPack_V1/Materials/mat_door1.mat using Guid(ed7456f7ea3eb8c44823541593c9eb3e) Importer(815301076,1909f56bfc062723c751e8b465ee728b)  -> (artifact id: '698d9998dfbe97f81339c9bc92b68651') in 0.419565 seconds
Number of updated asset objects reloaded before import = 0
Number of asset objects unloaded after import = 5
========================================================================
Received Import Request.
  Time since last request: 0.000048 seconds.
  path: Assets/VRTemplateAssets/Materials/Locomotion/FlatBlue.mat
  artifactKey: Guid(29048254ac014fd46a1a8684451bffd8) Importer(815301076,1909f56bfc062723c751e8b465ee728b)
Start importing Assets/VRTemplateAssets/Materials/Locomotion/FlatBlue.mat using Guid(29048254ac014fd46a1a8684451bffd8) Importer(815301076,1909f56bfc062723c751e8b465ee728b)  -> (artifact id: '55c7bda4a86dc8cbcea7ace6323a311b') in 0.006707 seconds
Number of updated asset objects reloaded before import = 0
Number of asset objects unloaded after import = 2
========================================================================
Received Import Request.
  Time since last request: 0.000351 seconds.
  path: Assets/VRTemplateAssets/Materials/Primitive/Interactables.mat
  artifactKey: Guid(377a24320b3adeb438edc10508f4ced8) Importer(815301076,1909f56bfc062723c751e8b465ee728b)
Start importing Assets/VRTemplateAssets/Materials/Primitive/Interactables.mat using Guid(377a24320b3adeb438edc10508f4ced8) Importer(815301076,1909f56bfc062723c751e8b465ee728b)  -> (artifact id: '75a81e77abc0547a6c0f5113a4e5c60c') in 0.011696 seconds
Number of updated asset objects reloaded before import = 0
Number of asset objects unloaded after import = 4
========================================================================
Received Import Request.
  Time since last request: 0.000016 seconds.
  path: Assets/materials/Architecture textures pack/Lacquered pebbles/Materials/Lacquered pebbles diffuse.mat
  artifactKey: Guid(c690bc9316e922b40886bf328312f61e) Importer(815301076,1909f56bfc062723c751e8b465ee728b)
Start importing Assets/materials/Architecture textures pack/Lacquered pebbles/Materials/Lacquered pebbles diffuse.mat using Guid(c690bc9316e922b40886bf328312f61e) Importer(815301076,1909f56bfc062723c751e8b465ee728b)  -> (artifact id: '1862006565920680819f34e135727d4f') in 0.010768 seconds
Number of updated asset objects reloaded before import = 0
Number of asset objects unloaded after import = 3
========================================================================
Received Import Request.
  Time since last request: 0.130446 seconds.
  path: Assets/VRTemplateAssets/Models/Anchor/AnchorBase.fbx
  artifactKey: Guid(83053866027bda94da06cb09ab527394) Importer(815301076,1909f56bfc062723c751e8b465ee728b)
Start importing Assets/VRTemplateAssets/Models/Anchor/AnchorBase.fbx using Guid(83053866027bda94da06cb09ab527394) Importer(815301076,1909f56bfc062723c751e8b465ee728b)  -> (artifact id: '55e92f979f19c832e9646bb3824aef5d') in 0.018147 seconds
Number of updated asset objects reloaded before import = 0
Number of asset objects unloaded after import = 9
Editor requested this worker to shutdown with reason: Scaling down because of idle timeout
TcpMessagingSession - receive error: operation aborted. errorcode: 995, details: De I/O-bewerking is afgebroken vanwege het afsluiten van een thread of vanwege een opdracht van een toepassing.
AssetImportWorker is now disconnected from the server
Process exiting
Exiting without the bug reporter. Application will terminate with return code 0